Using pre-set license
Built from '2020.3/staging' branch; Version is '2020.3.26f1 (7298b473bc1a) revision 7510196'; Using compiler version '192528614'; Build Type 'Release'
OS: 'Windows 10  (10.0.19045) 64bit Professional' Language: 'en' Physical Memory: 16310 MB
BatchMode: 1, IsHumanControllingUs: 0, StartBugReporterOnCrash: 0, Is64bit: 1, IsPro: 0

COMMAND LINE ARGUMENTS:
C:\Program Files\Unity\Hub\Editor\2020.3.26f1\Editor\Unity.exe
-adb2
-batchMode
-noUpm
-name
AssetImportWorker0
-projectPath
C:/Users/Omar A Paez-Ramirez/Desktop/Game_Project/Castlepoint
-logFile
Logs/AssetImportWorker0.log
-srvPort
56110
Successfully changed project path to: C:/Users/Omar A Paez-Ramirez/Desktop/Game_Project/Castlepoint
C:/Users/Omar A Paez-Ramirez/Desktop/Game_Project/Castlepoint
Using Asset Import Pipeline V2.
Refreshing native plugins compatible for Editor in 47.19 ms, found 3 plugins.
Preloading 0 native plugins for Editor in 0.00 ms.
Initialize engine version: 2020.3.26f1 (7298b473bc1a)
[Subsystems] Discovering subsystems at path C:/Program Files/Unity/Hub/Editor/2020.3.26f1/Editor/Data/Resources/UnitySubsystems
[Subsystems] Discovering subsystems at path C:/Users/Omar A Paez-Ramirez/Desktop/Game_Project/Castlepoint/Assets
GfxDevice: creating device client; threaded=0
Direct3D:
    Version:  Direct3D 11.0 [level 11.1]
    Renderer: Radeon RX 580 Series (ID=0x67df)
    Vendor:   
    VRAM:     8171 MB
    Driver:   30.0.13023.4001
Initialize mono
Mono path[0] = 'C:/Program Files/Unity/Hub/Editor/2020.3.26f1/Editor/Data/Managed'
Mono path[1] = 'C:/Program Files/Unity/Hub/Editor/2020.3.26f1/Editor/Data/MonoBleedingEdge/lib/mono/unityjit'
Mono config path = 'C:/Program Files/Unity/Hub/Editor/2020.3.26f1/Editor/Data/MonoBleedingEdge/etc'
Using monoOptions --debugger-agent=transport=dt_socket,embedding=1,server=y,suspend=n,address=127.0.0.1:56780
Begin MonoManager ReloadAssembly
Registering precompiled unity dll's ...
Register platform support module: C:/Program Files/Unity/Hub/Editor/2020.3.26f1/Editor/Data/PlaybackEngines/WindowsStandaloneSupport/UnityEditor.WindowsStandalone.Extensions.dll
Registered in 0.001823 seconds.
Native extension for WindowsStandalone target not found
Refreshing native plugins compatible for Editor in 47.88 ms, found 3 plugins.
Preloading 0 native plugins for Editor in 0.00 ms.
Mono: successfully reloaded assembly
- Completed reload, in  0.497 seconds
Domain Reload Profiling:
	ReloadAssembly (497ms)
		BeginReloadAssembly (45ms)
			ExecutionOrderSort (0ms)
			DisableScriptedObjects (0ms)
			BackupInstance (0ms)
			ReleaseScriptingObjects (0ms)
			CreateAndSetChildDomain (1ms)
		EndReloadAssembly (390ms)
			LoadAssemblies (43ms)
			RebuildTransferFunctionScriptingTraits (0ms)
			SetupTypeCache (127ms)
			ReleaseScriptCaches (0ms)
			RebuildScriptCaches (26ms)
			SetupLoadedEditorAssemblies (154ms)
				LogAssemblyErrors (0ms)
				InitializePlatformSupportModulesInManaged (4ms)
				SetLoadedEditorAssemblies (0ms)
				RefreshPlugins (48ms)
				BeforeProcessingInitializeOnLoad (8ms)
				ProcessInitializeOnLoadAttributes (71ms)
				ProcessInitializeOnLoadMethodAttributes (24ms)
				AfterProcessingInitializeOnLoad (0ms)
				EditorAssembliesLoaded (0ms)
			ExecutionOrderSort2 (0ms)
			AwakeInstancesAfterBackupRestoration (0ms)
Platform modules already initialized, skipping
Registering precompiled user dll's ...
Registered in 0.004572 seconds.
Begin MonoManager ReloadAssembly
Native extension for WindowsStandalone target not found
Refreshing native plugins compatible for Editor in 44.97 ms, found 3 plugins.
Preloading 0 native plugins for Editor in 0.00 ms.
Mono: successfully reloaded assembly
- Completed reload, in  1.098 seconds
Domain Reload Profiling:
	ReloadAssembly (1100ms)
		BeginReloadAssembly (139ms)
			ExecutionOrderSort (0ms)
			DisableScriptedObjects (4ms)
			BackupInstance (0ms)
			ReleaseScriptingObjects (0ms)
			CreateAndSetChildDomain (18ms)
		EndReloadAssembly (907ms)
			LoadAssemblies (82ms)
			RebuildTransferFunctionScriptingTraits (0ms)
			SetupTypeCache (358ms)
			ReleaseScriptCaches (1ms)
			RebuildScriptCaches (43ms)
			SetupLoadedEditorAssemblies (311ms)
				LogAssemblyErrors (0ms)
				InitializePlatformSupportModulesInManaged (4ms)
				SetLoadedEditorAssemblies (0ms)
				RefreshPlugins (45ms)
				BeforeProcessingInitializeOnLoad (65ms)
				ProcessInitializeOnLoadAttributes (175ms)
				ProcessInitializeOnLoadMethodAttributes (16ms)
				AfterProcessingInitializeOnLoad (6ms)
				EditorAssembliesLoaded (0ms)
			ExecutionOrderSort2 (0ms)
			AwakeInstancesAfterBackupRestoration (6ms)
Platform modules already initialized, skipping
========================================================================
Worker process is ready to serve import requests
Launched and connected shader compiler UnityShaderCompiler.exe after 0.05 seconds
Refreshing native plugins compatible for Editor in 0.57 ms, found 3 plugins.
Preloading 0 native plugins for Editor in 0.00 ms.
Unloading 2208 Unused Serialized files (Serialized files now loaded: 0)
System memory in use before: 115.7 MB.
System memory in use after: 115.8 MB.

Unloading 28 unused Assets to reduce memory usage. Loaded Objects now: 2663.
Total: 3.191000 ms (FindLiveObjects: 0.196100 ms CreateObjectMapping: 0.055800 ms MarkObjects: 2.851600 ms  DeleteObjects: 0.086700 ms)

AssetImportParameters requested are different than current active one (requested -> active):
  custom:framework-win-MediaFoundation: 216162199b28c13a410421893ffa2e32 -> 
  custom:video-decoder-ogg-theora: a1e56fd34408186e4bbccfd4996cb3dc -> 
  custom:container-muxer-webm: aa71ff27fc2769a1b78a27578f13a17b -> 
  custom:container-demuxer-webm: 4f35f7cbe854078d1ac9338744f61a02 -> 
  custom:container-demuxer-ogg: 62fdf1f143b41e24485cea50d1cbac27 -> 
  custom:video-encoder-webm-vp8: eb34c28f22e8b96e1ab97ce403110664 -> 
  custom:video-codec-MediaFoundation-h265: e54d7ab0439102e2317fc1e4b246158d -> 
  custom:video-decoder-webm-vp8: 9c59270c3fd7afecdb556c50c9e8de78 -> 
  custom:audio-decoder-ogg-vorbis: bf7c407c2cedff20999df2af8eb42d56 -> 
  custom:audio-encoder-webm-vorbis: bf7c407c2cedff20999df2af8eb42d56 -> 
========================================================================
Received Import Request.
  path: Assets/Art/Top_Down_Adventure_Pack_v.1.0/Top_Down_Adventure_Pack_v.1.0
  artifactKey: Guid(56f0ba7c8b39a3b48b36383e485d2c7d) Importer(815301076,1909f56bfc062723c751e8b465ee728b)
Start importing Assets/Art/Top_Down_Adventure_Pack_v.1.0/Top_Down_Adventure_Pack_v.1.0 using Guid(56f0ba7c8b39a3b48b36383e485d2c7d) Importer(815301076,1909f56bfc062723c751e8b465ee728b)  -> (artifact id: '7228aa91b7e1f79f76fff5bc9473fadf') in 0.009120 seconds 
  Import took 0.012193 seconds .

========================================================================
Received Import Request.
  Time since last request: 0.000206 seconds.
  path: Assets/Art
  artifactKey: Guid(9307ee60976e1ac43bbe5ae7964a1f3e) Importer(815301076,1909f56bfc062723c751e8b465ee728b)
Start importing Assets/Art using Guid(9307ee60976e1ac43bbe5ae7964a1f3e) Importer(815301076,1909f56bfc062723c751e8b465ee728b)  -> (artifact id: '441323b3d453494d133ee4efa7b3ef77') in 0.006100 seconds 
  Import took 0.008841 seconds .

========================================================================
Received Import Request.
  Time since last request: 0.000210 seconds.
  path: Assets/Art/Top_Down_Adventure_Pack_v.1.0
  artifactKey: Guid(9ad5a2f97104c9b4bbd026a0c3c54f81) Importer(815301076,1909f56bfc062723c751e8b465ee728b)
Start importing Assets/Art/Top_Down_Adventure_Pack_v.1.0 using Guid(9ad5a2f97104c9b4bbd026a0c3c54f81) Importer(815301076,1909f56bfc062723c751e8b465ee728b)  -> (artifact id: 'dcbe1eaf68dd3cd108bc0f766ba6f278') in 0.001970 seconds 
  Import took 0.004435 seconds .

========================================================================
Received Import Request.
  Time since last request: 0.752541 seconds.
  path: Assets/Art/Top_Down_Adventure_Pack_v.1.0/Top_Down_Adventure_Pack_v.1.0/Enemies_Sprites
  artifactKey: Guid(97278861d4b341b44bb2ea358bfc4af5) Importer(815301076,1909f56bfc062723c751e8b465ee728b)
Start importing Assets/Art/Top_Down_Adventure_Pack_v.1.0/Top_Down_Adventure_Pack_v.1.0/Enemies_Sprites using Guid(97278861d4b341b44bb2ea358bfc4af5) Importer(815301076,1909f56bfc062723c751e8b465ee728b)  -> (artifact id: '4339f1b86c3bf736caec29af034ff5e4') in 0.006008 seconds 
  Import took 0.009183 seconds .

========================================================================
Received Import Request.
  Time since last request: 6.585265 seconds.
  path: Assets/Art/Top_Down_Adventure_Pack_v.1.0/Top_Down_Adventure_Pack_v.1.0/Enemies_Sprites/Bomberplant_Sprites
  artifactKey: Guid(0e8dfa75497640049be1119683cdcbb8) Importer(815301076,1909f56bfc062723c751e8b465ee728b)
Start importing Assets/Art/Top_Down_Adventure_Pack_v.1.0/Top_Down_Adventure_Pack_v.1.0/Enemies_Sprites/Bomberplant_Sprites using Guid(0e8dfa75497640049be1119683cdcbb8) Importer(815301076,1909f56bfc062723c751e8b465ee728b)  -> (artifact id: 'c7494224b9bd7e49ddd27b909db79221') in 0.005875 seconds 
  Import took 0.008978 seconds .

========================================================================
Received Import Request.
  Time since last request: 0.072908 seconds.
  path: Assets/Art/Top_Down_Adventure_Pack_v.1.0/Top_Down_Adventure_Pack_v.1.0/Enemies_Sprites/Bomberplant_Sprites/bomb_explosion_anim.gif
  artifactKey: Guid(ac6ed8795a025a74b9915be525445872) Importer(815301076,1909f56bfc062723c751e8b465ee728b)
Start importing Assets/Art/Top_Down_Adventure_Pack_v.1.0/Top_Down_Adventure_Pack_v.1.0/Enemies_Sprites/Bomberplant_Sprites/bomb_explosion_anim.gif using Guid(ac6ed8795a025a74b9915be525445872) Importer(815301076,1909f56bfc062723c751e8b465ee728b)  -> (artifact id: '56b5afa9730f5d450ffec9b21bead080') in 0.099846 seconds 
  Import took 0.102923 seconds .

========================================================================
Received Import Request.
  Time since last request: 0.000223 seconds.
  path: Assets/Art/Top_Down_Adventure_Pack_v.1.0/Top_Down_Adventure_Pack_v.1.0/Enemies_Sprites/Bomberplant_Sprites/bomberplant_hit_anim_all_dir.gif
  artifactKey: Guid(74bf4e48eb23cca4eaf49430bc188079) Importer(815301076,1909f56bfc062723c751e8b465ee728b)
Start importing Assets/Art/Top_Down_Adventure_Pack_v.1.0/Top_Down_Adventure_Pack_v.1.0/Enemies_Sprites/Bomberplant_Sprites/bomberplant_hit_anim_all_dir.gif using Guid(74bf4e48eb23cca4eaf49430bc188079) Importer(815301076,1909f56bfc062723c751e8b465ee728b)  -> (artifact id: '074b56ec0042d8d32c2f979478549d97') in 0.009915 seconds 
  Import took 0.013141 seconds .

========================================================================
Received Import Request.
  Time since last request: 0.000193 seconds.
  path: Assets/Art/Top_Down_Adventure_Pack_v.1.0/Top_Down_Adventure_Pack_v.1.0/Enemies_Sprites/Bomberplant_Sprites/bomberplant_idle_anim_all_dir_strip_5.png
  artifactKey: Guid(9fff94d4d1c06614a922b3a5a55fe0d3) Importer(815301076,1909f56bfc062723c751e8b465ee728b)
Start importing Assets/Art/Top_Down_Adventure_Pack_v.1.0/Top_Down_Adventure_Pack_v.1.0/Enemies_Sprites/Bomberplant_Sprites/bomberplant_idle_anim_all_dir_strip_5.png using Guid(9fff94d4d1c06614a922b3a5a55fe0d3) Importer(815301076,1909f56bfc062723c751e8b465ee728b)  -> (artifact id: '26f6099ee30f733c9ec44ba471e49e0d') in 0.011739 seconds 
  Import took 0.015053 seconds .

========================================================================
Received Import Request.
  Time since last request: 0.000199 seconds.
  path: Assets/Art/Top_Down_Adventure_Pack_v.1.0/Top_Down_Adventure_Pack_v.1.0/Enemies_Sprites/Bomberplant_Sprites/bomberplant_death_anim_all_dir_strip_8.png
  artifactKey: Guid(73435b246faa316469056b57e360092b) Importer(815301076,1909f56bfc062723c751e8b465ee728b)
Start importing Assets/Art/Top_Down_Adventure_Pack_v.1.0/Top_Down_Adventure_Pack_v.1.0/Enemies_Sprites/Bomberplant_Sprites/bomberplant_death_anim_all_dir_strip_8.png using Guid(73435b246faa316469056b57e360092b) Importer(815301076,1909f56bfc062723c751e8b465ee728b)  -> (artifact id: '59315bf530062f8397197ea29fa3e776') in 0.009919 seconds 
  Import took 0.012868 seconds .

========================================================================
Received Import Request.
  Time since last request: 0.000181 seconds.
  path: Assets/Art/Top_Down_Adventure_Pack_v.1.0/Top_Down_Adventure_Pack_v.1.0/Enemies_Sprites/Bomberplant_Sprites/bomberplant_death_anim_all_dir.gif
  artifactKey: Guid(daac73e93262a8d4ba02d6682fa793a5) Importer(815301076,1909f56bfc062723c751e8b465ee728b)
Start importing Assets/Art/Top_Down_Adventure_Pack_v.1.0/Top_Down_Adventure_Pack_v.1.0/Enemies_Sprites/Bomberplant_Sprites/bomberplant_death_anim_all_dir.gif using Guid(daac73e93262a8d4ba02d6682fa793a5) Importer(815301076,1909f56bfc062723c751e8b465ee728b)  -> (artifact id: 'd38fc707eb9e6678a6ffa19f7fd0cb5e') in 0.010586 seconds 
  Import took 0.013930 seconds .

========================================================================
Received Import Request.
  Time since last request: 0.000265 seconds.
  path: Assets/Art/Top_Down_Adventure_Pack_v.1.0/Top_Down_Adventure_Pack_v.1.0/Enemies_Sprites/Bomberplant_Sprites/bomberplant_attack_anim_all_dir_strip_10.png
  artifactKey: Guid(ac0b1c4b3aa628b46b4865b19300c839) Importer(815301076,1909f56bfc062723c751e8b465ee728b)
Start importing Assets/Art/Top_Down_Adventure_Pack_v.1.0/Top_Down_Adventure_Pack_v.1.0/Enemies_Sprites/Bomberplant_Sprites/bomberplant_attack_anim_all_dir_strip_10.png using Guid(ac0b1c4b3aa628b46b4865b19300c839) Importer(815301076,1909f56bfc062723c751e8b465ee728b)  -> (artifact id: '5738e5c75aca6052a35a8ff2a2ace5e9') in 0.013357 seconds 
  Import took 0.016858 seconds .

========================================================================
Received Import Request.
  Time since last request: 0.000220 seconds.
  path: Assets/Art/Top_Down_Adventure_Pack_v.1.0/Top_Down_Adventure_Pack_v.1.0/Enemies_Sprites/Bomberplant_Sprites/bomb_hit_marker_fx_anim_strip_4.png
  artifactKey: Guid(40a44a02c2fbeb149ada897b72d5e89b) Importer(815301076,1909f56bfc062723c751e8b465ee728b)
Start importing Assets/Art/Top_Down_Adventure_Pack_v.1.0/Top_Down_Adventure_Pack_v.1.0/Enemies_Sprites/Bomberplant_Sprites/bomb_hit_marker_fx_anim_strip_4.png using Guid(40a44a02c2fbeb149ada897b72d5e89b) Importer(815301076,1909f56bfc062723c751e8b465ee728b)  -> (artifact id: 'b99276671cfc16bbf73e37e4766d0544') in 0.010793 seconds 
  Import took 0.014120 seconds .

========================================================================
Received Import Request.
  Time since last request: 0.000173 seconds.
  path: Assets/Art/Top_Down_Adventure_Pack_v.1.0/Top_Down_Adventure_Pack_v.1.0/Enemies_Sprites/Bomberplant_Sprites/bomberplant_spritesheet.png
  artifactKey: Guid(a869fb4b498c6264192cd11eba6af19b) Importer(815301076,1909f56bfc062723c751e8b465ee728b)
Start importing Assets/Art/Top_Down_Adventure_Pack_v.1.0/Top_Down_Adventure_Pack_v.1.0/Enemies_Sprites/Bomberplant_Sprites/bomberplant_spritesheet.png using Guid(a869fb4b498c6264192cd11eba6af19b) Importer(815301076,1909f56bfc062723c751e8b465ee728b)  -> (artifact id: 'ce7ac743602913d8e5304f4728919aa2') in 0.010486 seconds 
  Import took 0.013706 seconds .

========================================================================
Received Import Request.
  Time since last request: 0.000200 seconds.
  path: Assets/Art/Top_Down_Adventure_Pack_v.1.0/Top_Down_Adventure_Pack_v.1.0/Enemies_Sprites/Bomberplant_Sprites/bomb_going_up_anim_strip_4.png
  artifactKey: Guid(82fb165f2bde7bb4eb34049bb29b2f56) Importer(815301076,1909f56bfc062723c751e8b465ee728b)
Start importing Assets/Art/Top_Down_Adventure_Pack_v.1.0/Top_Down_Adventure_Pack_v.1.0/Enemies_Sprites/Bomberplant_Sprites/bomb_going_up_anim_strip_4.png using Guid(82fb165f2bde7bb4eb34049bb29b2f56) Importer(815301076,1909f56bfc062723c751e8b465ee728b)  -> (artifact id: '95dfee8d86e17914bd61023c0514cc2b') in 0.012311 seconds 
  Import took 0.015395 seconds .

========================================================================
Received Import Request.
  Time since last request: 0.000215 seconds.
  path: Assets/Art/Top_Down_Adventure_Pack_v.1.0/Top_Down_Adventure_Pack_v.1.0/Enemies_Sprites/Bomberplant_Sprites/bomb_explosion_anim_strip_8.png
  artifactKey: Guid(1823f2ce1baec8f4ba620a5be2c7b776) Importer(815301076,1909f56bfc062723c751e8b465ee728b)
Start importing Assets/Art/Top_Down_Adventure_Pack_v.1.0/Top_Down_Adventure_Pack_v.1.0/Enemies_Sprites/Bomberplant_Sprites/bomb_explosion_anim_strip_8.png using Guid(1823f2ce1baec8f4ba620a5be2c7b776) Importer(815301076,1909f56bfc062723c751e8b465ee728b)  -> (artifact id: '42b7a4d598f6945cd72cdbb64d11fe45') in 0.009717 seconds 
  Import took 0.012685 seconds .

========================================================================
Received Import Request.
  Time since last request: 0.000282 seconds.
  path: Assets/Art/Top_Down_Adventure_Pack_v.1.0/Top_Down_Adventure_Pack_v.1.0/Enemies_Sprites/Bomberplant_Sprites/bomb_going_up_anim.gif
  artifactKey: Guid(d73540ead3e06f6499232b82113bbb0e) Importer(815301076,1909f56bfc062723c751e8b465ee728b)
Start importing Assets/Art/Top_Down_Adventure_Pack_v.1.0/Top_Down_Adventure_Pack_v.1.0/Enemies_Sprites/Bomberplant_Sprites/bomb_going_up_anim.gif using Guid(d73540ead3e06f6499232b82113bbb0e) Importer(815301076,1909f56bfc062723c751e8b465ee728b)  -> (artifact id: '82a3ec3251b7833dde04dc97288ecfda') in 0.010430 seconds 
  Import took 0.013501 seconds .

========================================================================
Received Import Request.
  Time since last request: 0.000209 seconds.
  path: Assets/Art/Top_Down_Adventure_Pack_v.1.0/Top_Down_Adventure_Pack_v.1.0/Enemies_Sprites/Bomberplant_Sprites/bomberplant_attack_anim_all_dir.gif
  artifactKey: Guid(1c54c873734490d48b8132eaf193fb30) Importer(815301076,1909f56bfc062723c751e8b465ee728b)
Start importing Assets/Art/Top_Down_Adventure_Pack_v.1.0/Top_Down_Adventure_Pack_v.1.0/Enemies_Sprites/Bomberplant_Sprites/bomberplant_attack_anim_all_dir.gif using Guid(1c54c873734490d48b8132eaf193fb30) Importer(815301076,1909f56bfc062723c751e8b465ee728b)  -> (artifact id: 'd5f7d900af0625086ad1ec509891d152') in 0.010231 seconds 
  Import took 0.013129 seconds .

========================================================================
Received Import Request.
  Time since last request: 0.000230 seconds.
  path: Assets/Art/Top_Down_Adventure_Pack_v.1.0/Top_Down_Adventure_Pack_v.1.0/Enemies_Sprites/Bomberplant_Sprites/bomberplant_hit_anim_all_dir_strip_4.png
  artifactKey: Guid(d9779f4183f2278439dc2569fc229414) Importer(815301076,1909f56bfc062723c751e8b465ee728b)
Start importing Assets/Art/Top_Down_Adventure_Pack_v.1.0/Top_Down_Adventure_Pack_v.1.0/Enemies_Sprites/Bomberplant_Sprites/bomberplant_hit_anim_all_dir_strip_4.png using Guid(d9779f4183f2278439dc2569fc229414) Importer(815301076,1909f56bfc062723c751e8b465ee728b)  -> (artifact id: 'aab7e9479e97db8e4109a09c00e3388d') in 0.010759 seconds 
  Import took 0.014098 seconds .

========================================================================
Received Import Request.
  Time since last request: 0.000201 seconds.
  path: Assets/Art/Top_Down_Adventure_Pack_v.1.0/Top_Down_Adventure_Pack_v.1.0/Enemies_Sprites/Bomberplant_Sprites/bomb_hit_marker_fx_anim.gif
  artifactKey: Guid(b6ff2efc55100de429298d8cddfb6b6e) Importer(815301076,1909f56bfc062723c751e8b465ee728b)
Start importing Assets/Art/Top_Down_Adventure_Pack_v.1.0/Top_Down_Adventure_Pack_v.1.0/Enemies_Sprites/Bomberplant_Sprites/bomb_hit_marker_fx_anim.gif using Guid(b6ff2efc55100de429298d8cddfb6b6e) Importer(815301076,1909f56bfc062723c751e8b465ee728b)  -> (artifact id: '2d1e75c8f998dd53831b9aed5a682237') in 0.011061 seconds 
  Import took 0.014195 seconds .

========================================================================
Received Import Request.
  Time since last request: 0.000224 seconds.
  path: Assets/Art/Top_Down_Adventure_Pack_v.1.0/Top_Down_Adventure_Pack_v.1.0/Enemies_Sprites/Bomberplant_Sprites/bomb_going_down_anim.gif
  artifactKey: Guid(acdf68472d41e994f97c4c0443c403e7) Importer(815301076,1909f56bfc062723c751e8b465ee728b)
Start importing Assets/Art/Top_Down_Adventure_Pack_v.1.0/Top_Down_Adventure_Pack_v.1.0/Enemies_Sprites/Bomberplant_Sprites/bomb_going_down_anim.gif using Guid(acdf68472d41e994f97c4c0443c403e7) Importer(815301076,1909f56bfc062723c751e8b465ee728b)  -> (artifact id: '3f0dd9f68f729059cf37f80bdb424775') in 0.011346 seconds 
  Import took 0.015077 seconds .

========================================================================
Received Import Request.
  Time since last request: 0.000193 seconds.
  path: Assets/Art/Top_Down_Adventure_Pack_v.1.0/Top_Down_Adventure_Pack_v.1.0/Enemies_Sprites/Bomberplant_Sprites/bomberplant_idle_anim_all_dir.gif
  artifactKey: Guid(b35110227994dc44ca4a38e5778bafe0) Importer(815301076,1909f56bfc062723c751e8b465ee728b)
Start importing Assets/Art/Top_Down_Adventure_Pack_v.1.0/Top_Down_Adventure_Pack_v.1.0/Enemies_Sprites/Bomberplant_Sprites/bomberplant_idle_anim_all_dir.gif using Guid(b35110227994dc44ca4a38e5778bafe0) Importer(815301076,1909f56bfc062723c751e8b465ee728b)  -> (artifact id: 'c72061b414cdc1a89094b6ac07331f67') in 0.009568 seconds 
  Import took 0.012609 seconds .

========================================================================
Received Import Request.
  Time since last request: 0.000200 seconds.
  path: Assets/Art/Top_Down_Adventure_Pack_v.1.0/Top_Down_Adventure_Pack_v.1.0/Enemies_Sprites/Bomberplant_Sprites/bomb_going_down_anim_strip_4.png
  artifactKey: Guid(301b2bede39b13243812cccf94806f6d) Importer(815301076,1909f56bfc062723c751e8b465ee728b)
Start importing Assets/Art/Top_Down_Adventure_Pack_v.1.0/Top_Down_Adventure_Pack_v.1.0/Enemies_Sprites/Bomberplant_Sprites/bomb_going_down_anim_strip_4.png using Guid(301b2bede39b13243812cccf94806f6d) Importer(815301076,1909f56bfc062723c751e8b465ee728b)  -> (artifact id: 'aad82b6fcd00435e138a55b59f7a33c5') in 0.010214 seconds 
  Import took 0.013452 seconds .

========================================================================
Received Import Request.
  Time since last request: 13.532591 seconds.
  path: Assets/Art/Top_Down_Adventure_Pack_v.1.0/Top_Down_Adventure_Pack_v.1.0/Enemies_Sprites/Phantom_Sprites
  artifactKey: Guid(de74a32e78fc75241a16edff9d33e776) Importer(815301076,1909f56bfc062723c751e8b465ee728b)
Start importing Assets/Art/Top_Down_Adventure_Pack_v.1.0/Top_Down_Adventure_Pack_v.1.0/Enemies_Sprites/Phantom_Sprites using Guid(de74a32e78fc75241a16edff9d33e776) Importer(815301076,1909f56bfc062723c751e8b465ee728b)  -> (artifact id: '238ca0693e3f578d7df4b4f582187ce2') in 0.006668 seconds 
  Import took 0.009924 seconds .

========================================================================
Received Import Request.
  Time since last request: 0.078949 seconds.
  path: Assets/Art/Top_Down_Adventure_Pack_v.1.0/Top_Down_Adventure_Pack_v.1.0/Enemies_Sprites/Phantom_Sprites/phantom_death_anim_left.gif
  artifactKey: Guid(fb9bd283b4ce9c84e9f4c19cd22b3cc5) Importer(815301076,1909f56bfc062723c751e8b465ee728b)
Start importing Assets/Art/Top_Down_Adventure_Pack_v.1.0/Top_Down_Adventure_Pack_v.1.0/Enemies_Sprites/Phantom_Sprites/phantom_death_anim_left.gif using Guid(fb9bd283b4ce9c84e9f4c19cd22b3cc5) Importer(815301076,1909f56bfc062723c751e8b465ee728b)  -> (artifact id: '6002106bab2f128877f8f813bced9a23') in 0.035483 seconds 
  Import took 0.038817 seconds .

========================================================================
Received Import Request.
  Time since last request: 0.000204 seconds.
  path: Assets/Art/Top_Down_Adventure_Pack_v.1.0/Top_Down_Adventure_Pack_v.1.0/Enemies_Sprites/Phantom_Sprites/phantom_hit_anim_left.gif
  artifactKey: Guid(fa6250d221e1dc840905d95a44515584) Importer(815301076,1909f56bfc062723c751e8b465ee728b)
Start importing Assets/Art/Top_Down_Adventure_Pack_v.1.0/Top_Down_Adventure_Pack_v.1.0/Enemies_Sprites/Phantom_Sprites/phantom_hit_anim_left.gif using Guid(fa6250d221e1dc840905d95a44515584) Importer(815301076,1909f56bfc062723c751e8b465ee728b)  -> (artifact id: '6bc48cb3c0270fc95157bf37f04aef2f') in 0.011903 seconds 
  Import took 0.014838 seconds .

========================================================================
Received Import Request.
  Time since last request: 0.000187 seconds.
  path: Assets/Art/Top_Down_Adventure_Pack_v.1.0/Top_Down_Adventure_Pack_v.1.0/Enemies_Sprites/Phantom_Sprites/phantom_idle_anim_left_strip_4.png
  artifactKey: Guid(7525c88fdbc3126428a14c244688fddf) Importer(815301076,1909f56bfc062723c751e8b465ee728b)
Start importing Assets/Art/Top_Down_Adventure_Pack_v.1.0/Top_Down_Adventure_Pack_v.1.0/Enemies_Sprites/Phantom_Sprites/phantom_idle_anim_left_strip_4.png using Guid(7525c88fdbc3126428a14c244688fddf) Importer(815301076,1909f56bfc062723c751e8b465ee728b)  -> (artifact id: '7df01c62cf9e24ab905da2582bab3a3c') in 0.011542 seconds 
  Import took 0.014349 seconds .

========================================================================
Received Import Request.
  Time since last request: 0.000177 seconds.
  path: Assets/Art/Top_Down_Adventure_Pack_v.1.0/Top_Down_Adventure_Pack_v.1.0/Enemies_Sprites/Phantom_Sprites/phantom_idle_anim_right.gif
  artifactKey: Guid(8465cd78381fc6d418724cce23576168) Importer(815301076,1909f56bfc062723c751e8b465ee728b)
Start importing Assets/Art/Top_Down_Adventure_Pack_v.1.0/Top_Down_Adventure_Pack_v.1.0/Enemies_Sprites/Phantom_Sprites/phantom_idle_anim_right.gif using Guid(8465cd78381fc6d418724cce23576168) Importer(815301076,1909f56bfc062723c751e8b465ee728b)  -> (artifact id: '04f0c36816fd2471fb154c91852190a7') in 0.010796 seconds 
  Import took 0.013552 seconds .

========================================================================
Received Import Request.
  Time since last request: 0.000198 seconds.
  path: Assets/Art/Top_Down_Adventure_Pack_v.1.0/Top_Down_Adventure_Pack_v.1.0/Enemies_Sprites/Phantom_Sprites/phantom_run_anim_left.gif
  artifactKey: Guid(1a1a97947f8bb9a448f30146078cf212) Importer(815301076,1909f56bfc062723c751e8b465ee728b)
Start importing Assets/Art/Top_Down_Adventure_Pack_v.1.0/Top_Down_Adventure_Pack_v.1.0/Enemies_Sprites/Phantom_Sprites/phantom_run_anim_left.gif using Guid(1a1a97947f8bb9a448f30146078cf212) Importer(815301076,1909f56bfc062723c751e8b465ee728b)  -> (artifact id: '03678c60b05a8374a464b82d19fc78a5') in 0.011622 seconds 
  Import took 0.014414 seconds .

========================================================================
Received Import Request.
  Time since last request: 0.000184 seconds.
  path: Assets/Art/Top_Down_Adventure_Pack_v.1.0/Top_Down_Adventure_Pack_v.1.0/Enemies_Sprites/Phantom_Sprites/phantom_run_anim_right.gif
  artifactKey: Guid(77e807da2e0414048ad6a1341196757b) Importer(815301076,1909f56bfc062723c751e8b465ee728b)
Start importing Assets/Art/Top_Down_Adventure_Pack_v.1.0/Top_Down_Adventure_Pack_v.1.0/Enemies_Sprites/Phantom_Sprites/phantom_run_anim_right.gif using Guid(77e807da2e0414048ad6a1341196757b) Importer(815301076,1909f56bfc062723c751e8b465ee728b)  -> (artifact id: '713eac3580a92e59f87aa65ae67c0f91') in 0.011724 seconds 
  Import took 0.014549 seconds .

========================================================================
Received Import Request.
  Time since last request: 0.000194 seconds.
  path: Assets/Art/Top_Down_Adventure_Pack_v.1.0/Top_Down_Adventure_Pack_v.1.0/Enemies_Sprites/Phantom_Sprites/phantom_idle_anim_left.gif
  artifactKey: Guid(fdb95327036c7ed4d8b31f8a799c405b) Importer(815301076,1909f56bfc062723c751e8b465ee728b)
Start importing Assets/Art/Top_Down_Adventure_Pack_v.1.0/Top_Down_Adventure_Pack_v.1.0/Enemies_Sprites/Phantom_Sprites/phantom_idle_anim_left.gif using Guid(fdb95327036c7ed4d8b31f8a799c405b) Importer(815301076,1909f56bfc062723c751e8b465ee728b)  -> (artifact id: '8a0ea2a88161b9177c86c2dc985eb4f0') in 0.011459 seconds 
  Import took 0.014304 seconds .

========================================================================
Received Import Request.
  Time since last request: 0.000181 seconds.
  path: Assets/Art/Top_Down_Adventure_Pack_v.1.0/Top_Down_Adventure_Pack_v.1.0/Enemies_Sprites/Phantom_Sprites/phantom_hit_anim_right_strip_4.png
  artifactKey: Guid(b91095b8a8e34714b946ff850ebaff52) Importer(815301076,1909f56bfc062723c751e8b465ee728b)
Start importing Assets/Art/Top_Down_Adventure_Pack_v.1.0/Top_Down_Adventure_Pack_v.1.0/Enemies_Sprites/Phantom_Sprites/phantom_hit_anim_right_strip_4.png using Guid(b91095b8a8e34714b946ff850ebaff52) Importer(815301076,1909f56bfc062723c751e8b465ee728b)  -> (artifact id: 'd313b3a7555fa84fce74fa819b2553bc') in 0.010051 seconds 
  Import took 0.012917 seconds .

========================================================================
Received Import Request.
  Time since last request: 0.000217 seconds.
  path: Assets/Art/Top_Down_Adventure_Pack_v.1.0/Top_Down_Adventure_Pack_v.1.0/Enemies_Sprites/Phantom_Sprites/phantom_run_anim_left_strip_6.png
  artifactKey: Guid(8d91a7e9d8f8a014e8ff22d35a9f5f05) Importer(815301076,1909f56bfc062723c751e8b465ee728b)
Start importing Assets/Art/Top_Down_Adventure_Pack_v.1.0/Top_Down_Adventure_Pack_v.1.0/Enemies_Sprites/Phantom_Sprites/phantom_run_anim_left_strip_6.png using Guid(8d91a7e9d8f8a014e8ff22d35a9f5f05) Importer(815301076,1909f56bfc062723c751e8b465ee728b)  -> (artifact id: 'd72667a6d7c59880911b7493d0f29bb1') in 0.011945 seconds 
  Import took 0.015349 seconds .

========================================================================
Received Import Request.
  Time since last request: 0.000197 seconds.
  path: Assets/Art/Top_Down_Adventure_Pack_v.1.0/Top_Down_Adventure_Pack_v.1.0/Enemies_Sprites/Phantom_Sprites/phantom_run_anim_right_strip_6.png
  artifactKey: Guid(a0397f0a877857645ab74c781eb976dc) Importer(815301076,1909f56bfc062723c751e8b465ee728b)
Start importing Assets/Art/Top_Down_Adventure_Pack_v.1.0/Top_Down_Adventure_Pack_v.1.0/Enemies_Sprites/Phantom_Sprites/phantom_run_anim_right_strip_6.png using Guid(a0397f0a877857645ab74c781eb976dc) Importer(815301076,1909f56bfc062723c751e8b465ee728b)  -> (artifact id: 'e9f8e72f5731bbb9f3f9d03ce00033ed') in 0.011546 seconds 
  Import took 0.014407 seconds .

========================================================================
Received Import Request.
  Time since last request: 0.000180 seconds.
  path: Assets/Art/Top_Down_Adventure_Pack_v.1.0/Top_Down_Adventure_Pack_v.1.0/Enemies_Sprites/Phantom_Sprites/phantom_death_anim_right_strip_8.png
  artifactKey: Guid(0fbb1acfb6d57814c8566d8ba7041f24) Importer(815301076,1909f56bfc062723c751e8b465ee728b)
Start importing Assets/Art/Top_Down_Adventure_Pack_v.1.0/Top_Down_Adventure_Pack_v.1.0/Enemies_Sprites/Phantom_Sprites/phantom_death_anim_right_strip_8.png using Guid(0fbb1acfb6d57814c8566d8ba7041f24) Importer(815301076,1909f56bfc062723c751e8b465ee728b)  -> (artifact id: 'ad134a9f81aeb042e7a6fa59e01e4739') in 0.011164 seconds 
  Import took 0.014093 seconds .

========================================================================
Received Import Request.
  Time since last request: 0.000188 seconds.
  path: Assets/Art/Top_Down_Adventure_Pack_v.1.0/Top_Down_Adventure_Pack_v.1.0/Enemies_Sprites/Phantom_Sprites/phantom_death_anim_left_strip_8.png
  artifactKey: Guid(aeb9e0d80ea90024881b61ff65356e60) Importer(815301076,1909f56bfc062723c751e8b465ee728b)
Start importing Assets/Art/Top_Down_Adventure_Pack_v.1.0/Top_Down_Adventure_Pack_v.1.0/Enemies_Sprites/Phantom_Sprites/phantom_death_anim_left_strip_8.png using Guid(aeb9e0d80ea90024881b61ff65356e60) Importer(815301076,1909f56bfc062723c751e8b465ee728b)  -> (artifact id: 'f153e0220af2d59d484f197f2a41f8cb') in 0.010481 seconds 
  Import took 0.013331 seconds .

========================================================================
Received Import Request.
  Time since last request: 0.000168 seconds.
  path: Assets/Art/Top_Down_Adventure_Pack_v.1.0/Top_Down_Adventure_Pack_v.1.0/Enemies_Sprites/Phantom_Sprites/phantom_idle_anim_right_strip_4.png
  artifactKey: Guid(dc0155df11d9ddb4e89561798eb30e86) Importer(815301076,1909f56bfc062723c751e8b465ee728b)
Start importing Assets/Art/Top_Down_Adventure_Pack_v.1.0/Top_Down_Adventure_Pack_v.1.0/Enemies_Sprites/Phantom_Sprites/phantom_idle_anim_right_strip_4.png using Guid(dc0155df11d9ddb4e89561798eb30e86) Importer(815301076,1909f56bfc062723c751e8b465ee728b)  -> (artifact id: 'b62a667166e4186f46ad90d0a1acc721') in 0.011907 seconds 
  Import took 0.014695 seconds .

========================================================================
Received Import Request.
  Time since last request: 0.000183 seconds.
  path: Assets/Art/Top_Down_Adventure_Pack_v.1.0/Top_Down_Adventure_Pack_v.1.0/Enemies_Sprites/Phantom_Sprites/phantom_hit_anim_right.gif
  artifactKey: Guid(0ca9f4ae4bc3ef84dae36bad7163723e) Importer(815301076,1909f56bfc062723c751e8b465ee728b)
Start importing Assets/Art/Top_Down_Adventure_Pack_v.1.0/Top_Down_Adventure_Pack_v.1.0/Enemies_Sprites/Phantom_Sprites/phantom_hit_anim_right.gif using Guid(0ca9f4ae4bc3ef84dae36bad7163723e) Importer(815301076,1909f56bfc062723c751e8b465ee728b)  -> (artifact id: 'd7a792f9088ef5f6cd444b41e9b44612') in 0.010955 seconds 
  Import took 0.013768 seconds .

========================================================================
Received Import Request.
  Time since last request: 0.000178 seconds.
  path: Assets/Art/Top_Down_Adventure_Pack_v.1.0/Top_Down_Adventure_Pack_v.1.0/Enemies_Sprites/Phantom_Sprites/phantom_death_anim_right.gif
  artifactKey: Guid(01bed9442cff2774bb274a1f7aa65323) Importer(815301076,1909f56bfc062723c751e8b465ee728b)
Start importing Assets/Art/Top_Down_Adventure_Pack_v.1.0/Top_Down_Adventure_Pack_v.1.0/Enemies_Sprites/Phantom_Sprites/phantom_death_anim_right.gif using Guid(01bed9442cff2774bb274a1f7aa65323) Importer(815301076,1909f56bfc062723c751e8b465ee728b)  -> (artifact id: 'e0f36afa3ede4255fafd04d28bb13711') in 0.010412 seconds 
  Import took 0.013269 seconds .

========================================================================
Received Import Request.
  Time since last request: 0.000158 seconds.
  path: Assets/Art/Top_Down_Adventure_Pack_v.1.0/Top_Down_Adventure_Pack_v.1.0/Enemies_Sprites/Phantom_Sprites/phantom_spritesheet.png
  artifactKey: Guid(ceb07dd10991def46878d1e4c5cd403e) Importer(815301076,1909f56bfc062723c751e8b465ee728b)
Start importing Assets/Art/Top_Down_Adventure_Pack_v.1.0/Top_Down_Adventure_Pack_v.1.0/Enemies_Sprites/Phantom_Sprites/phantom_spritesheet.png using Guid(ceb07dd10991def46878d1e4c5cd403e) Importer(815301076,1909f56bfc062723c751e8b465ee728b)  -> (artifact id: 'efa6807eb963e58edfe6e813811fffa8') in 0.013783 seconds 
  Import took 0.016577 seconds .

========================================================================
Received Import Request.
  Time since last request: 0.000233 seconds.
  path: Assets/Art/Top_Down_Adventure_Pack_v.1.0/Top_Down_Adventure_Pack_v.1.0/Enemies_Sprites/Phantom_Sprites/phantom_hit_anim_left_strip_4.png
  artifactKey: Guid(aa24a3e863b3606458435e0b85a3cb21) Importer(815301076,1909f56bfc062723c751e8b465ee728b)
Start importing Assets/Art/Top_Down_Adventure_Pack_v.1.0/Top_Down_Adventure_Pack_v.1.0/Enemies_Sprites/Phantom_Sprites/phantom_hit_anim_left_strip_4.png using Guid(aa24a3e863b3606458435e0b85a3cb21) Importer(815301076,1909f56bfc062723c751e8b465ee728b)  -> (artifact id: 'c6fbcd84b519b00471b3350a52416867') in 0.011597 seconds 
  Import took 0.015044 seconds .

========================================================================
Received Import Request.
  Time since last request: 93.105202 seconds.
  path: Assets/Art/Top_Down_Adventure_Pack_v.1.0/Top_Down_Adventure_Pack_v.1.0/Enemies_Sprites/Phantom_Sprites/phantom_spritesheet.png
  artifactKey: Guid(ceb07dd10991def46878d1e4c5cd403e) Importer(815301076,1909f56bfc062723c751e8b465ee728b)
Start importing Assets/Art/Top_Down_Adventure_Pack_v.1.0/Top_Down_Adventure_Pack_v.1.0/Enemies_Sprites/Phantom_Sprites/phantom_spritesheet.png using Guid(ceb07dd10991def46878d1e4c5cd403e) Importer(815301076,1909f56bfc062723c751e8b465ee728b)  -> (artifact id: '8ad5d310607f04faa85304b2272a5c10') in 0.008823 seconds 
  Import took 0.012290 seconds .

========================================================================
Received Import Request.
  Time since last request: 20.837659 seconds.
  path: Assets/Art/Top_Down_Adventure_Pack_v.1.0/Top_Down_Adventure_Pack_v.1.0/Enemies_Sprites/Phantom_Sprites/phantom_spritesheet.png
  artifactKey: Guid(ceb07dd10991def46878d1e4c5cd403e) Importer(815301076,1909f56bfc062723c751e8b465ee728b)
Start importing Assets/Art/Top_Down_Adventure_Pack_v.1.0/Top_Down_Adventure_Pack_v.1.0/Enemies_Sprites/Phantom_Sprites/phantom_spritesheet.png using Guid(ceb07dd10991def46878d1e4c5cd403e) Importer(815301076,1909f56bfc062723c751e8b465ee728b)  -> (artifact id: '159455864ee1d95e0080637b7b79d609') in 0.008528 seconds 
  Import took 0.011840 seconds .

========================================================================
Received Import Request.
  Time since last request: 6.285596 seconds.
  path: Assets/Art/Top_Down_Adventure_Pack_v.1.0/Top_Down_Adventure_Pack_v.1.0/Enemies_Sprites/Phantom_Sprites/phantom_run_anim_right_strip_6.png
  artifactKey: Guid(a0397f0a877857645ab74c781eb976dc) Importer(815301076,1909f56bfc062723c751e8b465ee728b)
Start importing Assets/Art/Top_Down_Adventure_Pack_v.1.0/Top_Down_Adventure_Pack_v.1.0/Enemies_Sprites/Phantom_Sprites/phantom_run_anim_right_strip_6.png using Guid(a0397f0a877857645ab74c781eb976dc) Importer(815301076,1909f56bfc062723c751e8b465ee728b)  -> (artifact id: '242b781550589251236f71b0f595a626') in 0.008357 seconds 
  Import took 0.011776 seconds .

========================================================================
Received Import Request.
  Time since last request: 12.080846 seconds.
  path: Assets/Art/Top_Down_Adventure_Pack_v.1.0/Top_Down_Adventure_Pack_v.1.0/Enemies_Sprites/Phantom_Sprites/phantom_run_anim_right.gif
  artifactKey: Guid(77e807da2e0414048ad6a1341196757b) Importer(815301076,1909f56bfc062723c751e8b465ee728b)
Start importing Assets/Art/Top_Down_Adventure_Pack_v.1.0/Top_Down_Adventure_Pack_v.1.0/Enemies_Sprites/Phantom_Sprites/phantom_run_anim_right.gif using Guid(77e807da2e0414048ad6a1341196757b) Importer(815301076,1909f56bfc062723c751e8b465ee728b)  -> (artifact id: 'be312cb0aad662d5c5faf61bb0e51eff') in 0.008296 seconds 
  Import took 0.011890 seconds .

========================================================================
Received Import Request.
  Time since last request: 24.250061 seconds.
  path: Assets/Art/Top_Down_Adventure_Pack_v.1.0/Top_Down_Adventure_Pack_v.1.0/Enemies_Sprites/Phantom_Sprites/phantom_idle_anim_right.gif
  artifactKey: Guid(8465cd78381fc6d418724cce23576168) Importer(815301076,1909f56bfc062723c751e8b465ee728b)
Start importing Assets/Art/Top_Down_Adventure_Pack_v.1.0/Top_Down_Adventure_Pack_v.1.0/Enemies_Sprites/Phantom_Sprites/phantom_idle_anim_right.gif using Guid(8465cd78381fc6d418724cce23576168) Importer(815301076,1909f56bfc062723c751e8b465ee728b)  -> (artifact id: '32599ecb53921bca9dfae1d8cdcae605') in 0.026617 seconds 
  Import took 0.029954 seconds .

========================================================================
Received Import Request.
  Time since last request: 0.000237 seconds.
  path: Assets/Art/Top_Down_Adventure_Pack_v.1.0/Top_Down_Adventure_Pack_v.1.0/Enemies_Sprites/Phantom_Sprites/phantom_hit_anim_left.gif
  artifactKey: Guid(fa6250d221e1dc840905d95a44515584) Importer(815301076,1909f56bfc062723c751e8b465ee728b)
Start importing Assets/Art/Top_Down_Adventure_Pack_v.1.0/Top_Down_Adventure_Pack_v.1.0/Enemies_Sprites/Phantom_Sprites/phantom_hit_anim_left.gif using Guid(fa6250d221e1dc840905d95a44515584) Importer(815301076,1909f56bfc062723c751e8b465ee728b)  -> (artifact id: '99dea9d6b3ae9772324796bd067e8bc8') in 0.008281 seconds 
  Import took 0.011669 seconds .

========================================================================
Received Import Request.
  Time since last request: 0.000159 seconds.
  path: Assets/Art/Top_Down_Adventure_Pack_v.1.0/Top_Down_Adventure_Pack_v.1.0/Enemies_Sprites/Phantom_Sprites/phantom_idle_anim_left_strip_4.png
  artifactKey: Guid(7525c88fdbc3126428a14c244688fddf) Importer(815301076,1909f56bfc062723c751e8b465ee728b)
Start importing Assets/Art/Top_Down_Adventure_Pack_v.1.0/Top_Down_Adventure_Pack_v.1.0/Enemies_Sprites/Phantom_Sprites/phantom_idle_anim_left_strip_4.png using Guid(7525c88fdbc3126428a14c244688fddf) Importer(815301076,1909f56bfc062723c751e8b465ee728b)  -> (artifact id: '268cde7a9e695ffa311b438f3a5cf6f2') in 0.007971 seconds 
  Import took 0.010865 seconds .

========================================================================
Received Import Request.
  Time since last request: 0.000208 seconds.
  path: Assets/Art/Top_Down_Adventure_Pack_v.1.0/Top_Down_Adventure_Pack_v.1.0/Enemies_Sprites/Phantom_Sprites/phantom_run_anim_left.gif
  artifactKey: Guid(1a1a97947f8bb9a448f30146078cf212) Importer(815301076,1909f56bfc062723c751e8b465ee728b)
Start importing Assets/Art/Top_Down_Adventure_Pack_v.1.0/Top_Down_Adventure_Pack_v.1.0/Enemies_Sprites/Phantom_Sprites/phantom_run_anim_left.gif using Guid(1a1a97947f8bb9a448f30146078cf212) Importer(815301076,1909f56bfc062723c751e8b465ee728b)  -> (artifact id: '9300e4ddd2621e078dc2049bdbea3ab4') in 0.008595 seconds 
  Import took 0.011927 seconds .

========================================================================
Received Import Request.
  Time since last request: 0.000194 seconds.
  path: Assets/Art/Top_Down_Adventure_Pack_v.1.0/Top_Down_Adventure_Pack_v.1.0/Enemies_Sprites/Phantom_Sprites/phantom_death_anim_left.gif
  artifactKey: Guid(fb9bd283b4ce9c84e9f4c19cd22b3cc5) Importer(815301076,1909f56bfc062723c751e8b465ee728b)
Start importing Assets/Art/Top_Down_Adventure_Pack_v.1.0/Top_Down_Adventure_Pack_v.1.0/Enemies_Sprites/Phantom_Sprites/phantom_death_anim_left.gif using Guid(fb9bd283b4ce9c84e9f4c19cd22b3cc5) Importer(815301076,1909f56bfc062723c751e8b465ee728b)  -> (artifact id: 'ec26b5d176f3def2e6ff9110a34b24cd') in 0.008239 seconds 
  Import took 0.011156 seconds .

========================================================================
Received Import Request.
  Time since last request: 0.000199 seconds.
  path: Assets/Art/Top_Down_Adventure_Pack_v.1.0/Top_Down_Adventure_Pack_v.1.0/Enemies_Sprites/Phantom_Sprites/phantom_idle_anim_left.gif
  artifactKey: Guid(fdb95327036c7ed4d8b31f8a799c405b) Importer(815301076,1909f56bfc062723c751e8b465ee728b)
Start importing Assets/Art/Top_Down_Adventure_Pack_v.1.0/Top_Down_Adventure_Pack_v.1.0/Enemies_Sprites/Phantom_Sprites/phantom_idle_anim_left.gif using Guid(fdb95327036c7ed4d8b31f8a799c405b) Importer(815301076,1909f56bfc062723c751e8b465ee728b)  -> (artifact id: '7c10b571d512f6b04dca65fb4b656ddd') in 0.008175 seconds 
  Import took 0.011395 seconds .

========================================================================
Received Import Request.
  Time since last request: 0.000192 seconds.
  path: Assets/Art/Top_Down_Adventure_Pack_v.1.0/Top_Down_Adventure_Pack_v.1.0/Enemies_Sprites/Phantom_Sprites/phantom_hit_anim_right_strip_4.png
  artifactKey: Guid(b91095b8a8e34714b946ff850ebaff52) Importer(815301076,1909f56bfc062723c751e8b465ee728b)
Start importing Assets/Art/Top_Down_Adventure_Pack_v.1.0/Top_Down_Adventure_Pack_v.1.0/Enemies_Sprites/Phantom_Sprites/phantom_hit_anim_right_strip_4.png using Guid(b91095b8a8e34714b946ff850ebaff52) Importer(815301076,1909f56bfc062723c751e8b465ee728b)  -> (artifact id: '019040ac3afef63ca4f1faeb17ade4b0') in 0.008481 seconds 
  Import took 0.011266 seconds .

========================================================================
Received Import Request.
  Time since last request: 0.000197 seconds.
  path: Assets/Art/Top_Down_Adventure_Pack_v.1.0/Top_Down_Adventure_Pack_v.1.0/Enemies_Sprites/Phantom_Sprites/phantom_run_anim_left_strip_6.png
  artifactKey: Guid(8d91a7e9d8f8a014e8ff22d35a9f5f05) Importer(815301076,1909f56bfc062723c751e8b465ee728b)
Start importing Assets/Art/Top_Down_Adventure_Pack_v.1.0/Top_Down_Adventure_Pack_v.1.0/Enemies_Sprites/Phantom_Sprites/phantom_run_anim_left_strip_6.png using Guid(8d91a7e9d8f8a014e8ff22d35a9f5f05) Importer(815301076,1909f56bfc062723c751e8b465ee728b)  -> (artifact id: '15acd7b2fec9e0d1606eb33db2f41745') in 0.008321 seconds 
  Import took 0.011886 seconds .

========================================================================
Received Import Request.
  Time since last request: 0.000197 seconds.
  path: Assets/Art/Top_Down_Adventure_Pack_v.1.0/Top_Down_Adventure_Pack_v.1.0/Enemies_Sprites/Phantom_Sprites/phantom_death_anim_right_strip_8.png
  artifactKey: Guid(0fbb1acfb6d57814c8566d8ba7041f24) Importer(815301076,1909f56bfc062723c751e8b465ee728b)
Start importing Assets/Art/Top_Down_Adventure_Pack_v.1.0/Top_Down_Adventure_Pack_v.1.0/Enemies_Sprites/Phantom_Sprites/phantom_death_anim_right_strip_8.png using Guid(0fbb1acfb6d57814c8566d8ba7041f24) Importer(815301076,1909f56bfc062723c751e8b465ee728b)  -> (artifact id: '2c4df24ab534f75d0c60548c9ebfe34a') in 0.008344 seconds 
  Import took 0.011759 seconds .

========================================================================
Received Import Request.
  Time since last request: 0.000202 seconds.
  path: Assets/Art/Top_Down_Adventure_Pack_v.1.0/Top_Down_Adventure_Pack_v.1.0/Enemies_Sprites/Phantom_Sprites/phantom_death_anim_left_strip_8.png
  artifactKey: Guid(aeb9e0d80ea90024881b61ff65356e60) Importer(815301076,1909f56bfc062723c751e8b465ee728b)
Start importing Assets/Art/Top_Down_Adventure_Pack_v.1.0/Top_Down_Adventure_Pack_v.1.0/Enemies_Sprites/Phantom_Sprites/phantom_death_anim_left_strip_8.png using Guid(aeb9e0d80ea90024881b61ff65356e60) Importer(815301076,1909f56bfc062723c751e8b465ee728b)  -> (artifact id: 'ad238f4c578fa170abdf945afe8917ce') in 0.008233 seconds 
  Import took 0.011489 seconds .

========================================================================
Received Import Request.
  Time since last request: 0.000213 seconds.
  path: Assets/Art/Top_Down_Adventure_Pack_v.1.0/Top_Down_Adventure_Pack_v.1.0/Enemies_Sprites/Phantom_Sprites/phantom_idle_anim_right_strip_4.png
  artifactKey: Guid(dc0155df11d9ddb4e89561798eb30e86) Importer(815301076,1909f56bfc062723c751e8b465ee728b)
Start importing Assets/Art/Top_Down_Adventure_Pack_v.1.0/Top_Down_Adventure_Pack_v.1.0/Enemies_Sprites/Phantom_Sprites/phantom_idle_anim_right_strip_4.png using Guid(dc0155df11d9ddb4e89561798eb30e86) Importer(815301076,1909f56bfc062723c751e8b465ee728b)  -> (artifact id: '14c01e1a84f68f7796a5c5f6100edc96') in 0.009607 seconds 
  Import took 0.012520 seconds .

========================================================================
Received Import Request.
  Time since last request: 0.000215 seconds.
  path: Assets/Art/Top_Down_Adventure_Pack_v.1.0/Top_Down_Adventure_Pack_v.1.0/Enemies_Sprites/Phantom_Sprites/phantom_hit_anim_right.gif
  artifactKey: Guid(0ca9f4ae4bc3ef84dae36bad7163723e) Importer(815301076,1909f56bfc062723c751e8b465ee728b)
Start importing Assets/Art/Top_Down_Adventure_Pack_v.1.0/Top_Down_Adventure_Pack_v.1.0/Enemies_Sprites/Phantom_Sprites/phantom_hit_anim_right.gif using Guid(0ca9f4ae4bc3ef84dae36bad7163723e) Importer(815301076,1909f56bfc062723c751e8b465ee728b)  -> (artifact id: '163fdf06de0f52ba5101e7435c630216') in 0.009573 seconds 
  Import took 0.013048 seconds .

========================================================================
Received Import Request.
  Time since last request: 0.000239 seconds.
  path: Assets/Art/Top_Down_Adventure_Pack_v.1.0/Top_Down_Adventure_Pack_v.1.0/Enemies_Sprites/Phantom_Sprites/phantom_death_anim_right.gif
  artifactKey: Guid(01bed9442cff2774bb274a1f7aa65323) Importer(815301076,1909f56bfc062723c751e8b465ee728b)
Start importing Assets/Art/Top_Down_Adventure_Pack_v.1.0/Top_Down_Adventure_Pack_v.1.0/Enemies_Sprites/Phantom_Sprites/phantom_death_anim_right.gif using Guid(01bed9442cff2774bb274a1f7aa65323) Importer(815301076,1909f56bfc062723c751e8b465ee728b)  -> (artifact id: '451dbcb8d59a013a44df604bad36aea0') in 0.007937 seconds 
  Import took 0.011276 seconds .

========================================================================
Received Import Request.
  Time since last request: 0.000229 seconds.
  path: Assets/Art/Top_Down_Adventure_Pack_v.1.0/Top_Down_Adventure_Pack_v.1.0/Enemies_Sprites/Phantom_Sprites/phantom_hit_anim_left_strip_4.png
  artifactKey: Guid(aa24a3e863b3606458435e0b85a3cb21) Importer(815301076,1909f56bfc062723c751e8b465ee728b)
Start importing Assets/Art/Top_Down_Adventure_Pack_v.1.0/Top_Down_Adventure_Pack_v.1.0/Enemies_Sprites/Phantom_Sprites/phantom_hit_anim_left_strip_4.png using Guid(aa24a3e863b3606458435e0b85a3cb21) Importer(815301076,1909f56bfc062723c751e8b465ee728b)  -> (artifact id: 'db5bbe6aa54e4b14e93e83bdc8355115') in 0.008429 seconds 
  Import took 0.011762 seconds .

========================================================================
Received Import Request.
  Time since last request: 47.445824 seconds.
  path: Assets/Art/Top_Down_Adventure_Pack_v.1.0/Top_Down_Adventure_Pack_v.1.0/Enemies_Sprites/Phantom_Sprites/phantom_idle_anim_right.gif
  artifactKey: Guid(8465cd78381fc6d418724cce23576168) Importer(815301076,1909f56bfc062723c751e8b465ee728b)
Start importing Assets/Art/Top_Down_Adventure_Pack_v.1.0/Top_Down_Adventure_Pack_v.1.0/Enemies_Sprites/Phantom_Sprites/phantom_idle_anim_right.gif using Guid(8465cd78381fc6d418724cce23576168) Importer(815301076,1909f56bfc062723c751e8b465ee728b)  -> (artifact id: '2bcfd82863494b9c6d3443886761c032') in 0.008887 seconds 
  Import took 0.012429 seconds .

========================================================================
Received Import Request.
  Time since last request: 0.004004 seconds.
  path: Assets/Art/Top_Down_Adventure_Pack_v.1.0/Top_Down_Adventure_Pack_v.1.0/Enemies_Sprites/Phantom_Sprites/phantom_death_anim_left.gif
  artifactKey: Guid(fb9bd283b4ce9c84e9f4c19cd22b3cc5) Importer(815301076,1909f56bfc062723c751e8b465ee728b)
Start importing Assets/Art/Top_Down_Adventure_Pack_v.1.0/Top_Down_Adventure_Pack_v.1.0/Enemies_Sprites/Phantom_Sprites/phantom_death_anim_left.gif using Guid(fb9bd283b4ce9c84e9f4c19cd22b3cc5) Importer(815301076,1909f56bfc062723c751e8b465ee728b)  -> (artifact id: 'c046392ae82920940be1b33ca2964126') in 0.008255 seconds 
  Import took 0.011640 seconds .

========================================================================
Received Import Request.
  Time since last request: 0.000279 seconds.
  path: Assets/Art/Top_Down_Adventure_Pack_v.1.0/Top_Down_Adventure_Pack_v.1.0/Enemies_Sprites/Phantom_Sprites/phantom_hit_anim_left.gif
  artifactKey: Guid(fa6250d221e1dc840905d95a44515584) Importer(815301076,1909f56bfc062723c751e8b465ee728b)
Start importing Assets/Art/Top_Down_Adventure_Pack_v.1.0/Top_Down_Adventure_Pack_v.1.0/Enemies_Sprites/Phantom_Sprites/phantom_hit_anim_left.gif using Guid(fa6250d221e1dc840905d95a44515584) Importer(815301076,1909f56bfc062723c751e8b465ee728b)  -> (artifact id: '24837df53097151f9537191ddf298762') in 0.008457 seconds 
  Import took 0.011943 seconds .

========================================================================
Received Import Request.
  Time since last request: 0.000218 seconds.
  path: Assets/Art/Top_Down_Adventure_Pack_v.1.0/Top_Down_Adventure_Pack_v.1.0/Enemies_Sprites/Phantom_Sprites/phantom_idle_anim_left_strip_4.png
  artifactKey: Guid(7525c88fdbc3126428a14c244688fddf) Importer(815301076,1909f56bfc062723c751e8b465ee728b)
Start importing Assets/Art/Top_Down_Adventure_Pack_v.1.0/Top_Down_Adventure_Pack_v.1.0/Enemies_Sprites/Phantom_Sprites/phantom_idle_anim_left_strip_4.png using Guid(7525c88fdbc3126428a14c244688fddf) Importer(815301076,1909f56bfc062723c751e8b465ee728b)  -> (artifact id: '2bf515763464665788104aaf4fbeec38') in 0.009994 seconds 
  Import took 0.013092 seconds .

========================================================================
Received Import Request.
  Time since last request: 0.000200 seconds.
  path: Assets/Art/Top_Down_Adventure_Pack_v.1.0/Top_Down_Adventure_Pack_v.1.0/Enemies_Sprites/Phantom_Sprites/phantom_run_anim_left.gif
  artifactKey: Guid(1a1a97947f8bb9a448f30146078cf212) Importer(815301076,1909f56bfc062723c751e8b465ee728b)
Start importing Assets/Art/Top_Down_Adventure_Pack_v.1.0/Top_Down_Adventure_Pack_v.1.0/Enemies_Sprites/Phantom_Sprites/phantom_run_anim_left.gif using Guid(1a1a97947f8bb9a448f30146078cf212) Importer(815301076,1909f56bfc062723c751e8b465ee728b)  -> (artifact id: '0ff373234fa842e60b3940968302ef88') in 0.009585 seconds 
  Import took 0.012569 seconds .

========================================================================
Received Import Request.
  Time since last request: 0.000247 seconds.
  path: Assets/Art/Top_Down_Adventure_Pack_v.1.0/Top_Down_Adventure_Pack_v.1.0/Enemies_Sprites/Phantom_Sprites/phantom_run_anim_right.gif
  artifactKey: Guid(77e807da2e0414048ad6a1341196757b) Importer(815301076,1909f56bfc062723c751e8b465ee728b)
Start importing Assets/Art/Top_Down_Adventure_Pack_v.1.0/Top_Down_Adventure_Pack_v.1.0/Enemies_Sprites/Phantom_Sprites/phantom_run_anim_right.gif using Guid(77e807da2e0414048ad6a1341196757b) Importer(815301076,1909f56bfc062723c751e8b465ee728b)  -> (artifact id: 'd044a78f2a6fd61eef9b7ce6d54766b6') in 0.009294 seconds 
  Import took 0.012837 seconds .

========================================================================
Received Import Request.
  Time since last request: 0.000180 seconds.
  path: Assets/Art/Top_Down_Adventure_Pack_v.1.0/Top_Down_Adventure_Pack_v.1.0/Enemies_Sprites/Phantom_Sprites/phantom_idle_anim_left.gif
  artifactKey: Guid(fdb95327036c7ed4d8b31f8a799c405b) Importer(815301076,1909f56bfc062723c751e8b465ee728b)
Start importing Assets/Art/Top_Down_Adventure_Pack_v.1.0/Top_Down_Adventure_Pack_v.1.0/Enemies_Sprites/Phantom_Sprites/phantom_idle_anim_left.gif using Guid(fdb95327036c7ed4d8b31f8a799c405b) Importer(815301076,1909f56bfc062723c751e8b465ee728b)  -> (artifact id: '59a81f80a49407912d42af03a7a6e6dd') in 0.008046 seconds 
  Import took 0.010912 seconds .

========================================================================
Received Import Request.
  Time since last request: 0.000188 seconds.
  path: Assets/Art/Top_Down_Adventure_Pack_v.1.0/Top_Down_Adventure_Pack_v.1.0/Enemies_Sprites/Phantom_Sprites/phantom_hit_anim_right_strip_4.png
  artifactKey: Guid(b91095b8a8e34714b946ff850ebaff52) Importer(815301076,1909f56bfc062723c751e8b465ee728b)
Start importing Assets/Art/Top_Down_Adventure_Pack_v.1.0/Top_Down_Adventure_Pack_v.1.0/Enemies_Sprites/Phantom_Sprites/phantom_hit_anim_right_strip_4.png using Guid(b91095b8a8e34714b946ff850ebaff52) Importer(815301076,1909f56bfc062723c751e8b465ee728b)  -> (artifact id: '70fceb0d3b415f04f0bb21d6582edcd5') in 0.009260 seconds 
  Import took 0.012355 seconds .

========================================================================
Received Import Request.
  Time since last request: 0.000173 seconds.
  path: Assets/Art/Top_Down_Adventure_Pack_v.1.0/Top_Down_Adventure_Pack_v.1.0/Enemies_Sprites/Phantom_Sprites/phantom_run_anim_left_strip_6.png
  artifactKey: Guid(8d91a7e9d8f8a014e8ff22d35a9f5f05) Importer(815301076,1909f56bfc062723c751e8b465ee728b)
Start importing Assets/Art/Top_Down_Adventure_Pack_v.1.0/Top_Down_Adventure_Pack_v.1.0/Enemies_Sprites/Phantom_Sprites/phantom_run_anim_left_strip_6.png using Guid(8d91a7e9d8f8a014e8ff22d35a9f5f05) Importer(815301076,1909f56bfc062723c751e8b465ee728b)  -> (artifact id: 'ce3a2983b23bf131a79c5b79ef863dd7') in 0.008700 seconds 
  Import took 0.011624 seconds .

========================================================================
Received Import Request.
  Time since last request: 0.000233 seconds.
  path: Assets/Art/Top_Down_Adventure_Pack_v.1.0/Top_Down_Adventure_Pack_v.1.0/Enemies_Sprites/Phantom_Sprites/phantom_run_anim_right_strip_6.png
  artifactKey: Guid(a0397f0a877857645ab74c781eb976dc) Importer(815301076,1909f56bfc062723c751e8b465ee728b)
Start importing Assets/Art/Top_Down_Adventure_Pack_v.1.0/Top_Down_Adventure_Pack_v.1.0/Enemies_Sprites/Phantom_Sprites/phantom_run_anim_right_strip_6.png using Guid(a0397f0a877857645ab74c781eb976dc) Importer(815301076,1909f56bfc062723c751e8b465ee728b)  -> (artifact id: '1592047befad5667a22df00b93a58a03') in 0.008418 seconds 
  Import took 0.011965 seconds .

========================================================================
Received Import Request.
  Time since last request: 0.000207 seconds.
  path: Assets/Art/Top_Down_Adventure_Pack_v.1.0/Top_Down_Adventure_Pack_v.1.0/Enemies_Sprites/Phantom_Sprites/phantom_death_anim_right_strip_8.png
  artifactKey: Guid(0fbb1acfb6d57814c8566d8ba7041f24) Importer(815301076,1909f56bfc062723c751e8b465ee728b)
Start importing Assets/Art/Top_Down_Adventure_Pack_v.1.0/Top_Down_Adventure_Pack_v.1.0/Enemies_Sprites/Phantom_Sprites/phantom_death_anim_right_strip_8.png using Guid(0fbb1acfb6d57814c8566d8ba7041f24) Importer(815301076,1909f56bfc062723c751e8b465ee728b)  -> (artifact id: '94a8610df996e3dcffe738e431a10449') in 0.009065 seconds 
  Import took 0.011960 seconds .

========================================================================
Received Import Request.
  Time since last request: 0.000201 seconds.
  path: Assets/Art/Top_Down_Adventure_Pack_v.1.0/Top_Down_Adventure_Pack_v.1.0/Enemies_Sprites/Phantom_Sprites/phantom_death_anim_left_strip_8.png
  artifactKey: Guid(aeb9e0d80ea90024881b61ff65356e60) Importer(815301076,1909f56bfc062723c751e8b465ee728b)
Start importing Assets/Art/Top_Down_Adventure_Pack_v.1.0/Top_Down_Adventure_Pack_v.1.0/Enemies_Sprites/Phantom_Sprites/phantom_death_anim_left_strip_8.png using Guid(aeb9e0d80ea90024881b61ff65356e60) Importer(815301076,1909f56bfc062723c751e8b465ee728b)  -> (artifact id: '35292281243cf83c1f95b1a369b16129') in 0.009387 seconds 
  Import took 0.012378 seconds .

========================================================================
Received Import Request.
  Time since last request: 0.000197 seconds.
  path: Assets/Art/Top_Down_Adventure_Pack_v.1.0/Top_Down_Adventure_Pack_v.1.0/Enemies_Sprites/Phantom_Sprites/phantom_idle_anim_right_strip_4.png
  artifactKey: Guid(dc0155df11d9ddb4e89561798eb30e86) Importer(815301076,1909f56bfc062723c751e8b465ee728b)
Start importing Assets/Art/Top_Down_Adventure_Pack_v.1.0/Top_Down_Adventure_Pack_v.1.0/Enemies_Sprites/Phantom_Sprites/phantom_idle_anim_right_strip_4.png using Guid(dc0155df11d9ddb4e89561798eb30e86) Importer(815301076,1909f56bfc062723c751e8b465ee728b)  -> (artifact id: '8370a3ff18e7f768cc7bb1586d4cdd73') in 0.009173 seconds 
  Import took 0.012072 seconds .

========================================================================
Received Import Request.
  Time since last request: 0.000215 seconds.
  path: Assets/Art/Top_Down_Adventure_Pack_v.1.0/Top_Down_Adventure_Pack_v.1.0/Enemies_Sprites/Phantom_Sprites/phantom_hit_anim_right.gif
  artifactKey: Guid(0ca9f4ae4bc3ef84dae36bad7163723e) Importer(815301076,1909f56bfc062723c751e8b465ee728b)
Start importing Assets/Art/Top_Down_Adventure_Pack_v.1.0/Top_Down_Adventure_Pack_v.1.0/Enemies_Sprites/Phantom_Sprites/phantom_hit_anim_right.gif using Guid(0ca9f4ae4bc3ef84dae36bad7163723e) Importer(815301076,1909f56bfc062723c751e8b465ee728b)  -> (artifact id: 'fbe1cbb74f7be4c611b81905e329b150') in 0.008308 seconds 
  Import took 0.011516 seconds .

========================================================================
Received Import Request.
  Time since last request: 0.000224 seconds.
  path: Assets/Art/Top_Down_Adventure_Pack_v.1.0/Top_Down_Adventure_Pack_v.1.0/Enemies_Sprites/Phantom_Sprites/phantom_death_anim_right.gif
  artifactKey: Guid(01bed9442cff2774bb274a1f7aa65323) Importer(815301076,1909f56bfc062723c751e8b465ee728b)
Start importing Assets/Art/Top_Down_Adventure_Pack_v.1.0/Top_Down_Adventure_Pack_v.1.0/Enemies_Sprites/Phantom_Sprites/phantom_death_anim_right.gif using Guid(01bed9442cff2774bb274a1f7aa65323) Importer(815301076,1909f56bfc062723c751e8b465ee728b)  -> (artifact id: 'a4be72cdaf837467e4cf932a88f69b2a') in 0.008178 seconds 
  Import took 0.011474 seconds .

========================================================================
Received Import Request.
  Time since last request: 0.000182 seconds.
  path: Assets/Art/Top_Down_Adventure_Pack_v.1.0/Top_Down_Adventure_Pack_v.1.0/Enemies_Sprites/Phantom_Sprites/phantom_spritesheet.png
  artifactKey: Guid(ceb07dd10991def46878d1e4c5cd403e) Importer(815301076,1909f56bfc062723c751e8b465ee728b)
Start importing Assets/Art/Top_Down_Adventure_Pack_v.1.0/Top_Down_Adventure_Pack_v.1.0/Enemies_Sprites/Phantom_Sprites/phantom_spritesheet.png using Guid(ceb07dd10991def46878d1e4c5cd403e) Importer(815301076,1909f56bfc062723c751e8b465ee728b)  -> (artifact id: 'f61dcc9b21d86842c4a9db6f82c97aab') in 0.009581 seconds 
  Import took 0.012521 seconds .

========================================================================
Received Import Request.
  Time since last request: 0.000169 seconds.
  path: Assets/Art/Top_Down_Adventure_Pack_v.1.0/Top_Down_Adventure_Pack_v.1.0/Enemies_Sprites/Phantom_Sprites/phantom_hit_anim_left_strip_4.png
  artifactKey: Guid(aa24a3e863b3606458435e0b85a3cb21) Importer(815301076,1909f56bfc062723c751e8b465ee728b)
Start importing Assets/Art/Top_Down_Adventure_Pack_v.1.0/Top_Down_Adventure_Pack_v.1.0/Enemies_Sprites/Phantom_Sprites/phantom_hit_anim_left_strip_4.png using Guid(aa24a3e863b3606458435e0b85a3cb21) Importer(815301076,1909f56bfc062723c751e8b465ee728b)  -> (artifact id: '6fd57d6c55eff20c8f9a5f7b5d1b2445') in 0.008958 seconds 
  Import took 0.011884 seconds .

========================================================================
Received Import Request.
  Time since last request: 186.477069 seconds.
  path: Assets/Art/Top_Down_Adventure_Pack_v.1.0/Top_Down_Adventure_Pack_v.1.0/Enemies_Sprites/Phantom_Sprites/phantom_spritesheet.png
  artifactKey: Guid(ceb07dd10991def46878d1e4c5cd403e) Importer(815301076,1909f56bfc062723c751e8b465ee728b)
Start importing Assets/Art/Top_Down_Adventure_Pack_v.1.0/Top_Down_Adventure_Pack_v.1.0/Enemies_Sprites/Phantom_Sprites/phantom_spritesheet.png using Guid(ceb07dd10991def46878d1e4c5cd403e) Importer(815301076,1909f56bfc062723c751e8b465ee728b)  -> (artifact id: 'b0fdb55042754c73cc4081e97f1b498d') in 0.066304 seconds 
  Import took 0.069808 seconds .

========================================================================
Received Import Request.
  Time since last request: 31.050840 seconds.
  path: Assets/Art/Top_Down_Adventure_Pack_v.1.0/Top_Down_Adventure_Pack_v.1.0/Enemies_Sprites/Phantom_Sprites/phantom_spritesheet.png
  artifactKey: Guid(ceb07dd10991def46878d1e4c5cd403e) Importer(815301076,1909f56bfc062723c751e8b465ee728b)
Start importing Assets/Art/Top_Down_Adventure_Pack_v.1.0/Top_Down_Adventure_Pack_v.1.0/Enemies_Sprites/Phantom_Sprites/phantom_spritesheet.png using Guid(ceb07dd10991def46878d1e4c5cd403e) Importer(815301076,1909f56bfc062723c751e8b465ee728b)  -> (artifact id: '26daf7fc6725831010e953069817e1ee') in 0.071562 seconds 
  Import took 0.075212 seconds .

========================================================================
Received Import Request.
  Time since last request: 77.588218 seconds.
  path: Assets/Art/Top_Down_Adventure_Pack_v.1.0/Top_Down_Adventure_Pack_v.1.0/Enemies_Sprites/Phantom_Sprites/phantom_death_anim_left.gif
  artifactKey: Guid(fb9bd283b4ce9c84e9f4c19cd22b3cc5) Importer(815301076,1909f56bfc062723c751e8b465ee728b)
Start importing Assets/Art/Top_Down_Adventure_Pack_v.1.0/Top_Down_Adventure_Pack_v.1.0/Enemies_Sprites/Phantom_Sprites/phantom_death_anim_left.gif using Guid(fb9bd283b4ce9c84e9f4c19cd22b3cc5) Importer(815301076,1909f56bfc062723c751e8b465ee728b)  -> (artifact id: '7b350d7dd0bc7c9418d8e98bb87addb8') in 0.009268 seconds 
  Import took 0.012759 seconds .

========================================================================
Received Import Request.
  Time since last request: 6.921888 seconds.
  path: Assets/Art/Top_Down_Adventure_Pack_v.1.0/Top_Down_Adventure_Pack_v.1.0/Enemies_Sprites/Phantom_Sprites/phantom_death_anim_left.gif
  artifactKey: Guid(fb9bd283b4ce9c84e9f4c19cd22b3cc5) Importer(815301076,1909f56bfc062723c751e8b465ee728b)
Start importing Assets/Art/Top_Down_Adventure_Pack_v.1.0/Top_Down_Adventure_Pack_v.1.0/Enemies_Sprites/Phantom_Sprites/phantom_death_anim_left.gif using Guid(fb9bd283b4ce9c84e9f4c19cd22b3cc5) Importer(815301076,1909f56bfc062723c751e8b465ee728b)  -> (artifact id: '4a3a9a4e332d5193c2b4e0b88e5700ed') in 0.007438 seconds 
  Import took 0.011076 seconds .

========================================================================
Received Import Request.
  Time since last request: 68.541648 seconds.
  path: Assets/Art/Top_Down_Adventure_Pack_v.1.0/Top_Down_Adventure_Pack_v.1.0/Enemies_Sprites/Phantom_Sprites/Materials
  artifactKey: Guid(69ba13219a4871744804dce99efc86af) Importer(815301076,1909f56bfc062723c751e8b465ee728b)
Start importing Assets/Art/Top_Down_Adventure_Pack_v.1.0/Top_Down_Adventure_Pack_v.1.0/Enemies_Sprites/Phantom_Sprites/Materials using Guid(69ba13219a4871744804dce99efc86af) Importer(815301076,1909f56bfc062723c751e8b465ee728b)  -> (artifact id: '5009d5ef5affad071571e239a9bce4fb') in 0.006768 seconds 
  Import took 0.010585 seconds .

========================================================================
Received Import Request.
  Time since last request: 0.094221 seconds.
  path: Assets/Art/Top_Down_Adventure_Pack_v.1.0/Top_Down_Adventure_Pack_v.1.0/Enemies_Sprites/Phantom_Sprites/Materials/phantom_death_anim_left.mat
  artifactKey: Guid(aa1c9529c08076248a426bfde9c76168) Importer(815301076,1909f56bfc062723c751e8b465ee728b)
Start importing Assets/Art/Top_Down_Adventure_Pack_v.1.0/Top_Down_Adventure_Pack_v.1.0/Enemies_Sprites/Phantom_Sprites/Materials/phantom_death_anim_left.mat using Guid(aa1c9529c08076248a426bfde9c76168) Importer(815301076,1909f56bfc062723c751e8b465ee728b)  -> (artifact id: 'b9bc54639f8d45fc1dbe7a4400acbefe') in 0.038266 seconds 
  Import took 0.041568 seconds .

========================================================================
Received Import Request.
  Time since last request: 0.000218 seconds.
  path: Assets/Art/Top_Down_Adventure_Pack_v.1.0/Top_Down_Adventure_Pack_v.1.0/Enemies_Sprites/Phantom_Sprites/Materials/phantom_idle_anim_left.mat
  artifactKey: Guid(78beabed6ea728d488700f511c3384d9) Importer(815301076,1909f56bfc062723c751e8b465ee728b)
Start importing Assets/Art/Top_Down_Adventure_Pack_v.1.0/Top_Down_Adventure_Pack_v.1.0/Enemies_Sprites/Phantom_Sprites/Materials/phantom_idle_anim_left.mat using Guid(78beabed6ea728d488700f511c3384d9) Importer(815301076,1909f56bfc062723c751e8b465ee728b)  -> (artifact id: 'a06e7ae2d19d3415f8b0e2a3420cfd83') in 0.011421 seconds 
  Import took 0.014217 seconds .

AssetImportWorkerClient::OnTransportError - code=2 error=End of file
