Using pre-set license
Built from '2020.3/staging' branch; Version is '2020.3.26f1 (7298b473bc1a) revision 7510196'; Using compiler version '192528614'; Build Type 'Release'
OS: 'Windows 11  (10.0.22000) 64bit Professional' Language: 'en' Physical Memory: 16317 MB
BatchMode: 1, IsHumanControllingUs: 0, StartBugReporterOnCrash: 0, Is64bit: 1, IsPro: 0

COMMAND LINE ARGUMENTS:
C:\Program Files\Unity\Hub\Editor\2020.3.26f1\Editor\Unity.exe
-adb2
-batchMode
-noUpm
-name
AssetImportWorker0
-projectPath
C:/Users/jsaaa/OneDrive/Documents/Game_Programming/Game_Project/Castlepoint
-logFile
Logs/AssetImportWorker0.log
-srvPort
64226
Successfully changed project path to: C:/Users/jsaaa/OneDrive/Documents/Game_Programming/Game_Project/Castlepoint
C:/Users/jsaaa/OneDrive/Documents/Game_Programming/Game_Project/Castlepoint
Using Asset Import Pipeline V2.
Refreshing native plugins compatible for Editor in 38.06 ms, found 3 plugins.
Preloading 0 native plugins for Editor in 0.00 ms.
Initialize engine version: 2020.3.26f1 (7298b473bc1a)
[Subsystems] Discovering subsystems at path C:/Program Files/Unity/Hub/Editor/2020.3.26f1/Editor/Data/Resources/UnitySubsystems
[Subsystems] Discovering subsystems at path C:/Users/jsaaa/OneDrive/Documents/Game_Programming/Game_Project/Castlepoint/Assets
GfxDevice: creating device client; threaded=0
Direct3D:
    Version:  Direct3D 11.0 [level 11.1]
    Renderer: NVIDIA GeForce RTX 3060 (ID=0x2503)
    Vendor:   
    VRAM:     12129 MB
    Driver:   31.0.15.2849
Initialize mono
Mono path[0] = 'C:/Program Files/Unity/Hub/Editor/2020.3.26f1/Editor/Data/Managed'
Mono path[1] = 'C:/Program Files/Unity/Hub/Editor/2020.3.26f1/Editor/Data/MonoBleedingEdge/lib/mono/unityjit'
Mono config path = 'C:/Program Files/Unity/Hub/Editor/2020.3.26f1/Editor/Data/MonoBleedingEdge/etc'
Using monoOptions --debugger-agent=transport=dt_socket,embedding=1,server=y,suspend=n,address=127.0.0.1:56812
Begin MonoManager ReloadAssembly
Registering precompiled unity dll's ...
Register platform support module: C:/Program Files/Unity/Hub/Editor/2020.3.26f1/Editor/Data/PlaybackEngines/WebGLSupport/UnityEditor.WebGL.Extensions.dll
Register platform support module: C:/Program Files/Unity/Hub/Editor/2020.3.26f1/Editor/Data/PlaybackEngines/MacStandaloneSupport/UnityEditor.OSXStandalone.Extensions.dll
Register platform support module: C:/Program Files/Unity/Hub/Editor/2020.3.26f1/Editor/Data/PlaybackEngines/WindowsStandaloneSupport/UnityEditor.WindowsStandalone.Extensions.dll
Registered in 0.001943 seconds.
Native extension for WindowsStandalone target not found
Native extension for OSXStandalone target not found
Native extension for WebGL target not found
Refreshing native plugins compatible for Editor in 36.52 ms, found 3 plugins.
Preloading 0 native plugins for Editor in 0.00 ms.
Mono: successfully reloaded assembly
- Completed reload, in  0.491 seconds
Domain Reload Profiling:
	ReloadAssembly (492ms)
		BeginReloadAssembly (41ms)
			ExecutionOrderSort (0ms)
			DisableScriptedObjects (0ms)
			BackupInstance (0ms)
			ReleaseScriptingObjects (0ms)
			CreateAndSetChildDomain (1ms)
		EndReloadAssembly (391ms)
			LoadAssemblies (40ms)
			RebuildTransferFunctionScriptingTraits (0ms)
			SetupTypeCache (140ms)
			ReleaseScriptCaches (0ms)
			RebuildScriptCaches (25ms)
			SetupLoadedEditorAssemblies (146ms)
				LogAssemblyErrors (0ms)
				InitializePlatformSupportModulesInManaged (5ms)
				SetLoadedEditorAssemblies (0ms)
				RefreshPlugins (37ms)
				BeforeProcessingInitializeOnLoad (7ms)
				ProcessInitializeOnLoadAttributes (73ms)
				ProcessInitializeOnLoadMethodAttributes (23ms)
				AfterProcessingInitializeOnLoad (0ms)
				EditorAssembliesLoaded (0ms)
			ExecutionOrderSort2 (0ms)
			AwakeInstancesAfterBackupRestoration (0ms)
Platform modules already initialized, skipping
Registering precompiled user dll's ...
Registered in 0.003559 seconds.
Begin MonoManager ReloadAssembly
Native extension for WindowsStandalone target not found
Native extension for OSXStandalone target not found
Native extension for WebGL target not found
Refreshing native plugins compatible for Editor in 38.37 ms, found 3 plugins.
Preloading 0 native plugins for Editor in 0.00 ms.
Mono: successfully reloaded assembly
- Completed reload, in  0.921 seconds
Domain Reload Profiling:
	ReloadAssembly (922ms)
		BeginReloadAssembly (114ms)
			ExecutionOrderSort (0ms)
			DisableScriptedObjects (4ms)
			BackupInstance (0ms)
			ReleaseScriptingObjects (0ms)
			CreateAndSetChildDomain (16ms)
		EndReloadAssembly (759ms)
			LoadAssemblies (71ms)
			RebuildTransferFunctionScriptingTraits (0ms)
			SetupTypeCache (266ms)
			ReleaseScriptCaches (0ms)
			RebuildScriptCaches (41ms)
			SetupLoadedEditorAssemblies (276ms)
				LogAssemblyErrors (0ms)
				InitializePlatformSupportModulesInManaged (4ms)
				SetLoadedEditorAssemblies (0ms)
				RefreshPlugins (38ms)
				BeforeProcessingInitializeOnLoad (57ms)
				ProcessInitializeOnLoadAttributes (159ms)
				ProcessInitializeOnLoadMethodAttributes (13ms)
				AfterProcessingInitializeOnLoad (4ms)
				EditorAssembliesLoaded (0ms)
			ExecutionOrderSort2 (0ms)
			AwakeInstancesAfterBackupRestoration (5ms)
Platform modules already initialized, skipping
========================================================================
Worker process is ready to serve import requests
Launched and connected shader compiler UnityShaderCompiler.exe after 0.04 seconds
Refreshing native plugins compatible for Editor in 0.48 ms, found 3 plugins.
Preloading 0 native plugins for Editor in 0.00 ms.
Unloading 2198 Unused Serialized files (Serialized files now loaded: 0)
System memory in use before: 96.6 MB.
System memory in use after: 96.7 MB.

Unloading 28 unused Assets to reduce memory usage. Loaded Objects now: 2631.
Total: 2.530200 ms (FindLiveObjects: 0.140600 ms CreateObjectMapping: 0.060200 ms MarkObjects: 2.281000 ms  DeleteObjects: 0.047800 ms)

AssetImportParameters requested are different than current active one (requested -> active):
  custom:framework-win-MediaFoundation: 216162199b28c13a410421893ffa2e32 -> 
  custom:video-decoder-ogg-theora: a1e56fd34408186e4bbccfd4996cb3dc -> 
  custom:container-muxer-webm: aa71ff27fc2769a1b78a27578f13a17b -> 
  custom:container-demuxer-webm: 4f35f7cbe854078d1ac9338744f61a02 -> 
  custom:container-demuxer-ogg: 62fdf1f143b41e24485cea50d1cbac27 -> 
  custom:video-encoder-webm-vp8: eb34c28f22e8b96e1ab97ce403110664 -> 
  custom:video-decoder-webm-vp8: 9c59270c3fd7afecdb556c50c9e8de78 -> 
  custom:audio-decoder-ogg-vorbis: bf7c407c2cedff20999df2af8eb42d56 -> 
  custom:audio-encoder-webm-vorbis: bf7c407c2cedff20999df2af8eb42d56 -> 
========================================================================
Received Import Request.
  path: Assets/Art
  artifactKey: Guid(9307ee60976e1ac43bbe5ae7964a1f3e) Importer(815301076,1909f56bfc062723c751e8b465ee728b)
Start importing Assets/Art using Guid(9307ee60976e1ac43bbe5ae7964a1f3e) Importer(815301076,1909f56bfc062723c751e8b465ee728b)  -> (artifact id: 'c63a0f8eb618069f72a3da0cdb214bf1') in 0.006755 seconds 
  Import took 0.009322 seconds .

========================================================================
Received Import Request.
  Time since last request: 0.000254 seconds.
  path: Assets/Art/Top_Down_Adventure_Pack_v.1.0
  artifactKey: Guid(9ad5a2f97104c9b4bbd026a0c3c54f81) Importer(815301076,1909f56bfc062723c751e8b465ee728b)
Start importing Assets/Art/Top_Down_Adventure_Pack_v.1.0 using Guid(9ad5a2f97104c9b4bbd026a0c3c54f81) Importer(815301076,1909f56bfc062723c751e8b465ee728b)  -> (artifact id: 'd607e507f0a90ded454c620afdb91b06') in 0.005877 seconds 
  Import took 0.008974 seconds .

========================================================================
Received Import Request.
  Time since last request: 6.239889 seconds.
  path: Assets/Art/Top_Down_Adventure_Pack_v.1.0/Top_Down_Adventure_Pack_v.1.0/Tiles_(animated)/Overworld/edge_water_tile_anim.gif
  artifactKey: Guid(19276cd0d4a18964caba3ccb34f533f4) Importer(815301076,1909f56bfc062723c751e8b465ee728b)
Start importing Assets/Art/Top_Down_Adventure_Pack_v.1.0/Top_Down_Adventure_Pack_v.1.0/Tiles_(animated)/Overworld/edge_water_tile_anim.gif using Guid(19276cd0d4a18964caba3ccb34f533f4) Importer(815301076,1909f56bfc062723c751e8b465ee728b)  -> (artifact id: 'c5b5f0aa1acb4adec71329733e98fc22') in 0.084777 seconds 
  Import took 0.088352 seconds .

========================================================================
Received Import Request.
  Time since last request: 0.000182 seconds.
  path: Assets/Art/Top_Down_Adventure_Pack_v.1.0/Top_Down_Adventure_Pack_v.1.0/Tiles_(animated)/Overworld/regia_waterplant_tile_anim_strip_8.png
  artifactKey: Guid(c98a7bf3f1ee1754fbe73f09a8addd00) Importer(815301076,1909f56bfc062723c751e8b465ee728b)
Start importing Assets/Art/Top_Down_Adventure_Pack_v.1.0/Top_Down_Adventure_Pack_v.1.0/Tiles_(animated)/Overworld/regia_waterplant_tile_anim_strip_8.png using Guid(c98a7bf3f1ee1754fbe73f09a8addd00) Importer(815301076,1909f56bfc062723c751e8b465ee728b)  -> (artifact id: 'a1c1c515b8ca6150dedacee5fbf15bf0') in 0.018191 seconds 
  Import took 0.021038 seconds .

========================================================================
Received Import Request.
  Time since last request: 0.000230 seconds.
  path: Assets/Art/Top_Down_Adventure_Pack_v.1.0/Top_Down_Adventure_Pack_v.1.0/Tiles_(animated)/Overworld/waterplant_tile_anim.gif
  artifactKey: Guid(15911d4d610185c4a9adb467dd7c08ef) Importer(815301076,1909f56bfc062723c751e8b465ee728b)
Start importing Assets/Art/Top_Down_Adventure_Pack_v.1.0/Top_Down_Adventure_Pack_v.1.0/Tiles_(animated)/Overworld/waterplant_tile_anim.gif using Guid(15911d4d610185c4a9adb467dd7c08ef) Importer(815301076,1909f56bfc062723c751e8b465ee728b)  -> (artifact id: 'eb861f9503d89af9c3f281c27bafbb5f') in 0.013675 seconds 
  Import took 0.016195 seconds .

========================================================================
Received Import Request.
  Time since last request: 0.000208 seconds.
  path: Assets/Art/Top_Down_Adventure_Pack_v.1.0/Top_Down_Adventure_Pack_v.1.0/Tiles_(animated)/Overworld/waterplant_tile_anim_strip_8.png
  artifactKey: Guid(473ec7a4d3f0ff1418ad99a766117ecb) Importer(815301076,1909f56bfc062723c751e8b465ee728b)
Start importing Assets/Art/Top_Down_Adventure_Pack_v.1.0/Top_Down_Adventure_Pack_v.1.0/Tiles_(animated)/Overworld/waterplant_tile_anim_strip_8.png using Guid(473ec7a4d3f0ff1418ad99a766117ecb) Importer(815301076,1909f56bfc062723c751e8b465ee728b)  -> (artifact id: '01fea958ceb8dfe9df182fb69d7f1ca9') in 0.021772 seconds 
  Import took 0.024845 seconds .

========================================================================
Received Import Request.
  Time since last request: 0.000240 seconds.
  path: Assets/Art/Top_Down_Adventure_Pack_v.1.0/Top_Down_Adventure_Pack_v.1.0/Tiles_(animated)/Overworld/edge_water_tile_anim_strip_8.png
  artifactKey: Guid(ccbdadfca464fb44b9c2b8d70ab695d5) Importer(815301076,1909f56bfc062723c751e8b465ee728b)
Start importing Assets/Art/Top_Down_Adventure_Pack_v.1.0/Top_Down_Adventure_Pack_v.1.0/Tiles_(animated)/Overworld/edge_water_tile_anim_strip_8.png using Guid(ccbdadfca464fb44b9c2b8d70ab695d5) Importer(815301076,1909f56bfc062723c751e8b465ee728b)  -> (artifact id: '8c5c07c5b4c7a255230c9b8b2bbe3a6d') in 0.015727 seconds 
  Import took 0.018321 seconds .

========================================================================
Received Import Request.
  Time since last request: 0.000231 seconds.
  path: Assets/Art/Top_Down_Adventure_Pack_v.1.0/Top_Down_Adventure_Pack_v.1.0/Tiles_(animated)/Overworld/water_tile_anim.gif
  artifactKey: Guid(bd860bb99967e464a8211b811b6c7ef8) Importer(815301076,1909f56bfc062723c751e8b465ee728b)
Start importing Assets/Art/Top_Down_Adventure_Pack_v.1.0/Top_Down_Adventure_Pack_v.1.0/Tiles_(animated)/Overworld/water_tile_anim.gif using Guid(bd860bb99967e464a8211b811b6c7ef8) Importer(815301076,1909f56bfc062723c751e8b465ee728b)  -> (artifact id: 'a1d5ddb743345af1451ec2a93a5e1410') in 0.013167 seconds 
  Import took 0.015702 seconds .

========================================================================
Received Import Request.
  Time since last request: 0.000180 seconds.
  path: Assets/Art/Top_Down_Adventure_Pack_v.1.0/Top_Down_Adventure_Pack_v.1.0/Tiles_(animated)/Overworld/regia_waterplant_tile_anim.gif
  artifactKey: Guid(dd9799a5f2755414b848b8e73ca39533) Importer(815301076,1909f56bfc062723c751e8b465ee728b)
Start importing Assets/Art/Top_Down_Adventure_Pack_v.1.0/Top_Down_Adventure_Pack_v.1.0/Tiles_(animated)/Overworld/regia_waterplant_tile_anim.gif using Guid(dd9799a5f2755414b848b8e73ca39533) Importer(815301076,1909f56bfc062723c751e8b465ee728b)  -> (artifact id: '3a50306f663df45d4d97351a05a513a3') in 0.014444 seconds 
  Import took 0.017401 seconds .

========================================================================
Received Import Request.
  Time since last request: 0.000216 seconds.
  path: Assets/Art/Top_Down_Adventure_Pack_v.1.0/Top_Down_Adventure_Pack_v.1.0/Tiles_(animated)/Overworld/water_tile_anim_strip_8.png
  artifactKey: Guid(f65c6b45e02ffe74cb4e093f813f1ee8) Importer(815301076,1909f56bfc062723c751e8b465ee728b)
Start importing Assets/Art/Top_Down_Adventure_Pack_v.1.0/Top_Down_Adventure_Pack_v.1.0/Tiles_(animated)/Overworld/water_tile_anim_strip_8.png using Guid(f65c6b45e02ffe74cb4e093f813f1ee8) Importer(815301076,1909f56bfc062723c751e8b465ee728b)  -> (artifact id: '51a316c26e2f94f051b26aaa44005f68') in 0.015644 seconds 
  Import took 0.019109 seconds .

========================================================================
Received Import Request.
  Time since last request: 7.375818 seconds.
  path: Assets/Art/Top_Down_Adventure_Pack_v.1.0/Top_Down_Adventure_Pack_v.1.0/Tiles_(animated)/Dungeon/broken_tile_fallingdown_anim.gif
  artifactKey: Guid(2c537e513b2677144a02ddf4e2e5f292) Importer(815301076,1909f56bfc062723c751e8b465ee728b)
Start importing Assets/Art/Top_Down_Adventure_Pack_v.1.0/Top_Down_Adventure_Pack_v.1.0/Tiles_(animated)/Dungeon/broken_tile_fallingdown_anim.gif using Guid(2c537e513b2677144a02ddf4e2e5f292) Importer(815301076,1909f56bfc062723c751e8b465ee728b)  -> (artifact id: '08cf23ec2daa70fc735f81f70c063e68') in 0.012891 seconds 
  Import took 0.015936 seconds .

========================================================================
Received Import Request.
  Time since last request: 0.000236 seconds.
  path: Assets/Art/Top_Down_Adventure_Pack_v.1.0/Top_Down_Adventure_Pack_v.1.0/Tiles_(animated)/Dungeon/door_tile_locked_opening_anim.gif
  artifactKey: Guid(1df9a295d54c2ed43a7ba34e3ceb3c8f) Importer(815301076,1909f56bfc062723c751e8b465ee728b)
Start importing Assets/Art/Top_Down_Adventure_Pack_v.1.0/Top_Down_Adventure_Pack_v.1.0/Tiles_(animated)/Dungeon/door_tile_locked_opening_anim.gif using Guid(1df9a295d54c2ed43a7ba34e3ceb3c8f) Importer(815301076,1909f56bfc062723c751e8b465ee728b)  -> (artifact id: 'bb09500d2e71651c0a012bb7de3f06ee') in 0.018299 seconds 
  Import took 0.020771 seconds .

========================================================================
Received Import Request.
  Time since last request: 0.000201 seconds.
  path: Assets/Art/Top_Down_Adventure_Pack_v.1.0/Top_Down_Adventure_Pack_v.1.0/Tiles_(animated)/Dungeon/broken_tile_fallingdown_anim_strip_9.png
  artifactKey: Guid(2d170ed81ae1eb147b11d8adc37f8027) Importer(815301076,1909f56bfc062723c751e8b465ee728b)
Start importing Assets/Art/Top_Down_Adventure_Pack_v.1.0/Top_Down_Adventure_Pack_v.1.0/Tiles_(animated)/Dungeon/broken_tile_fallingdown_anim_strip_9.png using Guid(2d170ed81ae1eb147b11d8adc37f8027) Importer(815301076,1909f56bfc062723c751e8b465ee728b)  -> (artifact id: '0435bd34d30d4fd73deb0ef981951d72') in 0.021076 seconds 
  Import took 0.023694 seconds .

========================================================================
Received Import Request.
  Time since last request: 0.000232 seconds.
  path: Assets/Art/Top_Down_Adventure_Pack_v.1.0/Top_Down_Adventure_Pack_v.1.0/Tiles_(animated)/Dungeon/iron_gate_closing_anim.gif
  artifactKey: Guid(d341ab8a93ce5a441bb30af886498f17) Importer(815301076,1909f56bfc062723c751e8b465ee728b)
Start importing Assets/Art/Top_Down_Adventure_Pack_v.1.0/Top_Down_Adventure_Pack_v.1.0/Tiles_(animated)/Dungeon/iron_gate_closing_anim.gif using Guid(d341ab8a93ce5a441bb30af886498f17) Importer(815301076,1909f56bfc062723c751e8b465ee728b)  -> (artifact id: '6533f4410c0b82aa3284ef1afb3da19c') in 0.016107 seconds 
  Import took 0.018603 seconds .

========================================================================
Received Import Request.
  Time since last request: 0.000286 seconds.
  path: Assets/Art/Top_Down_Adventure_Pack_v.1.0/Top_Down_Adventure_Pack_v.1.0/Tiles_(animated)/Dungeon/iron_gate_closing_anim_strip_8.png
  artifactKey: Guid(64e444ea88213ae41a60da70a5cb826b) Importer(815301076,1909f56bfc062723c751e8b465ee728b)
Start importing Assets/Art/Top_Down_Adventure_Pack_v.1.0/Top_Down_Adventure_Pack_v.1.0/Tiles_(animated)/Dungeon/iron_gate_closing_anim_strip_8.png using Guid(64e444ea88213ae41a60da70a5cb826b) Importer(815301076,1909f56bfc062723c751e8b465ee728b)  -> (artifact id: 'b4fba8f501b23aba4a06c5ff2ff1a924') in 0.015644 seconds 
  Import took 0.018354 seconds .

========================================================================
Received Import Request.
  Time since last request: 0.000207 seconds.
  path: Assets/Art/Top_Down_Adventure_Pack_v.1.0/Top_Down_Adventure_Pack_v.1.0/Tiles_(animated)/Dungeon/spikes_tile_trap_anim.gif
  artifactKey: Guid(7bfa3c35333cd164f922f2e6aff475f2) Importer(815301076,1909f56bfc062723c751e8b465ee728b)
Start importing Assets/Art/Top_Down_Adventure_Pack_v.1.0/Top_Down_Adventure_Pack_v.1.0/Tiles_(animated)/Dungeon/spikes_tile_trap_anim.gif using Guid(7bfa3c35333cd164f922f2e6aff475f2) Importer(815301076,1909f56bfc062723c751e8b465ee728b)  -> (artifact id: '059615305b79501a308c17219ba9269d') in 0.012321 seconds 
  Import took 0.015317 seconds .

========================================================================
Received Import Request.
  Time since last request: 0.000230 seconds.
  path: Assets/Art/Top_Down_Adventure_Pack_v.1.0/Top_Down_Adventure_Pack_v.1.0/Tiles_(animated)/Dungeon/iron_gate_opening_anim.gif
  artifactKey: Guid(27857f3dc834d4e458c058192418784c) Importer(815301076,1909f56bfc062723c751e8b465ee728b)
Start importing Assets/Art/Top_Down_Adventure_Pack_v.1.0/Top_Down_Adventure_Pack_v.1.0/Tiles_(animated)/Dungeon/iron_gate_opening_anim.gif using Guid(27857f3dc834d4e458c058192418784c) Importer(815301076,1909f56bfc062723c751e8b465ee728b)  -> (artifact id: '67f6c5d2ed306ba34a2ef66569351ce6') in 0.013054 seconds 
  Import took 0.016059 seconds .

========================================================================
Received Import Request.
  Time since last request: 0.000217 seconds.
  path: Assets/Art/Top_Down_Adventure_Pack_v.1.0/Top_Down_Adventure_Pack_v.1.0/Tiles_(animated)/Dungeon/door_tile_locked_opening_anim_strip_10.png
  artifactKey: Guid(617031119033e584daa49e5ec69e29c8) Importer(815301076,1909f56bfc062723c751e8b465ee728b)
Start importing Assets/Art/Top_Down_Adventure_Pack_v.1.0/Top_Down_Adventure_Pack_v.1.0/Tiles_(animated)/Dungeon/door_tile_locked_opening_anim_strip_10.png using Guid(617031119033e584daa49e5ec69e29c8) Importer(815301076,1909f56bfc062723c751e8b465ee728b)  -> (artifact id: '3bbfd5477bfd1e50485ca8bccfc38f57') in 0.014752 seconds 
  Import took 0.017799 seconds .

========================================================================
Received Import Request.
  Time since last request: 0.000180 seconds.
  path: Assets/Art/Top_Down_Adventure_Pack_v.1.0/Top_Down_Adventure_Pack_v.1.0/Tiles_(animated)/Dungeon/spikes_tile_trap_anim_strip_12.png
  artifactKey: Guid(9db2a6ef57bc12847958fece34a8a412) Importer(815301076,1909f56bfc062723c751e8b465ee728b)
Start importing Assets/Art/Top_Down_Adventure_Pack_v.1.0/Top_Down_Adventure_Pack_v.1.0/Tiles_(animated)/Dungeon/spikes_tile_trap_anim_strip_12.png using Guid(9db2a6ef57bc12847958fece34a8a412) Importer(815301076,1909f56bfc062723c751e8b465ee728b)  -> (artifact id: '5a161e5b0a9a7b55d52ca0f9d46a5d17') in 0.013447 seconds 
  Import took 0.016106 seconds .

========================================================================
Received Import Request.
  Time since last request: 0.000186 seconds.
  path: Assets/Art/Top_Down_Adventure_Pack_v.1.0/Top_Down_Adventure_Pack_v.1.0/Tiles_(animated)/Dungeon/iron_gate_opening_anim_strip_8.png
  artifactKey: Guid(e498ad0623cdc704b823c3a5b72925ed) Importer(815301076,1909f56bfc062723c751e8b465ee728b)
Start importing Assets/Art/Top_Down_Adventure_Pack_v.1.0/Top_Down_Adventure_Pack_v.1.0/Tiles_(animated)/Dungeon/iron_gate_opening_anim_strip_8.png using Guid(e498ad0623cdc704b823c3a5b72925ed) Importer(815301076,1909f56bfc062723c751e8b465ee728b)  -> (artifact id: 'd572c86b4dc5965f7eb47be7017a53ab') in 0.012116 seconds 
  Import took 0.015111 seconds .

========================================================================
Received Import Request.
  Time since last request: 3.124280 seconds.
  path: Assets/Art/Top_Down_Adventure_Pack_v.1.0/Top_Down_Adventure_Pack_v.1.0/Tiles_(animated)/Overworld
  artifactKey: Guid(09f6b91c18445d941a56988177757830) Importer(815301076,1909f56bfc062723c751e8b465ee728b)
Start importing Assets/Art/Top_Down_Adventure_Pack_v.1.0/Top_Down_Adventure_Pack_v.1.0/Tiles_(animated)/Overworld using Guid(09f6b91c18445d941a56988177757830) Importer(815301076,1909f56bfc062723c751e8b465ee728b)  -> (artifact id: 'f782f4d891487b2e091defad1691bd03') in 0.005583 seconds 
  Import took 0.008532 seconds .

========================================================================
Received Import Request.
  Time since last request: 3.185041 seconds.
  path: Assets/Art/Top_Down_Adventure_Pack_v.1.0/Top_Down_Adventure_Pack_v.1.0/Hud_Ui/health_bar_hud.png
  artifactKey: Guid(38d7d1379be91c248b084f27b6301b7d) Importer(815301076,1909f56bfc062723c751e8b465ee728b)
Start importing Assets/Art/Top_Down_Adventure_Pack_v.1.0/Top_Down_Adventure_Pack_v.1.0/Hud_Ui/health_bar_hud.png using Guid(38d7d1379be91c248b084f27b6301b7d) Importer(815301076,1909f56bfc062723c751e8b465ee728b)  -> (artifact id: '30e42b28c7cb92d8b104dd968bf5da39') in 0.011663 seconds 
  Import took 0.015322 seconds .

========================================================================
Received Import Request.
  Time since last request: 0.000230 seconds.
  path: Assets/Art/Top_Down_Adventure_Pack_v.1.0/Top_Down_Adventure_Pack_v.1.0/Hud_Ui/item_box_hud.png
  artifactKey: Guid(f68216df41cef0d4aad4a1c077da503b) Importer(815301076,1909f56bfc062723c751e8b465ee728b)
Start importing Assets/Art/Top_Down_Adventure_Pack_v.1.0/Top_Down_Adventure_Pack_v.1.0/Hud_Ui/item_box_hud.png using Guid(f68216df41cef0d4aad4a1c077da503b) Importer(815301076,1909f56bfc062723c751e8b465ee728b)  -> (artifact id: '1fe6b19bcb6e67aefd52ca9c5f0013ca') in 0.015806 seconds 
  Import took 0.018460 seconds .

========================================================================
Received Import Request.
  Time since last request: 0.000232 seconds.
  path: Assets/Art/Top_Down_Adventure_Pack_v.1.0/Top_Down_Adventure_Pack_v.1.0/Hud_Ui/health_hud.png
  artifactKey: Guid(5f262153db0fa8944a345ea93aed3494) Importer(815301076,1909f56bfc062723c751e8b465ee728b)
Start importing Assets/Art/Top_Down_Adventure_Pack_v.1.0/Top_Down_Adventure_Pack_v.1.0/Hud_Ui/health_hud.png using Guid(5f262153db0fa8944a345ea93aed3494) Importer(815301076,1909f56bfc062723c751e8b465ee728b)  -> (artifact id: 'ea2d701b0fd407e950ac872ed74c2bfe') in 0.015469 seconds 
  Import took 0.018012 seconds .

========================================================================
Received Import Request.
  Time since last request: 0.000228 seconds.
  path: Assets/Art/Top_Down_Adventure_Pack_v.1.0/Top_Down_Adventure_Pack_v.1.0/Hud_Ui/select_icon_ui.png
  artifactKey: Guid(22ee8ef92e894fd46b44d8c3f3da6357) Importer(815301076,1909f56bfc062723c751e8b465ee728b)
Start importing Assets/Art/Top_Down_Adventure_Pack_v.1.0/Top_Down_Adventure_Pack_v.1.0/Hud_Ui/select_icon_ui.png using Guid(22ee8ef92e894fd46b44d8c3f3da6357) Importer(815301076,1909f56bfc062723c751e8b465ee728b)  -> (artifact id: '940ab8f9f60590ce77bccabcb9aca712') in 0.014275 seconds 
  Import took 0.017293 seconds .

========================================================================
Received Import Request.
  Time since last request: 2.105180 seconds.
  path: Assets/Art/Top_Down_Adventure_Pack_v.1.0/Top_Down_Adventure_Pack_v.1.0/Char_Sprites/char_attack_down_anim.gif
  artifactKey: Guid(532e90fa7b2be7a4c9097b1fc0d016e1) Importer(815301076,1909f56bfc062723c751e8b465ee728b)
Start importing Assets/Art/Top_Down_Adventure_Pack_v.1.0/Top_Down_Adventure_Pack_v.1.0/Char_Sprites/char_attack_down_anim.gif using Guid(532e90fa7b2be7a4c9097b1fc0d016e1) Importer(815301076,1909f56bfc062723c751e8b465ee728b)  -> (artifact id: '497303407c6b7f7507ea9f02b12c09f4') in 0.015705 seconds 
  Import took 0.019102 seconds .

========================================================================
Received Import Request.
  Time since last request: 0.000236 seconds.
  path: Assets/Art/Top_Down_Adventure_Pack_v.1.0/Top_Down_Adventure_Pack_v.1.0/Char_Sprites/char_death_all_dir_anim_strip_10.png
  artifactKey: Guid(7ffcc18c1cec6a04b83faf5982aba84b) Importer(815301076,1909f56bfc062723c751e8b465ee728b)
Start importing Assets/Art/Top_Down_Adventure_Pack_v.1.0/Top_Down_Adventure_Pack_v.1.0/Char_Sprites/char_death_all_dir_anim_strip_10.png using Guid(7ffcc18c1cec6a04b83faf5982aba84b) Importer(815301076,1909f56bfc062723c751e8b465ee728b)  -> (artifact id: 'fb29741a753d1c700e4a540d6801758e') in 0.020254 seconds 
  Import took 0.022986 seconds .

========================================================================
Received Import Request.
  Time since last request: 0.000238 seconds.
  path: Assets/Art/Top_Down_Adventure_Pack_v.1.0/Top_Down_Adventure_Pack_v.1.0/Char_Sprites/char_climbing_up_anim.gif
  artifactKey: Guid(cbf9f033578697a4495e6610f4b5c69d) Importer(815301076,1909f56bfc062723c751e8b465ee728b)
Start importing Assets/Art/Top_Down_Adventure_Pack_v.1.0/Top_Down_Adventure_Pack_v.1.0/Char_Sprites/char_climbing_up_anim.gif using Guid(cbf9f033578697a4495e6610f4b5c69d) Importer(815301076,1909f56bfc062723c751e8b465ee728b)  -> (artifact id: 'a2248b6b03e9645a0e2818bf573637d1') in 0.016653 seconds 
  Import took 0.020616 seconds .

========================================================================
Received Import Request.
  Time since last request: 0.000245 seconds.
  path: Assets/Art/Top_Down_Adventure_Pack_v.1.0/Top_Down_Adventure_Pack_v.1.0/Char_Sprites/char_attack_left_anim.gif
  artifactKey: Guid(6605ffd7d49136e40ae32f22c7793c15) Importer(815301076,1909f56bfc062723c751e8b465ee728b)
Start importing Assets/Art/Top_Down_Adventure_Pack_v.1.0/Top_Down_Adventure_Pack_v.1.0/Char_Sprites/char_attack_left_anim.gif using Guid(6605ffd7d49136e40ae32f22c7793c15) Importer(815301076,1909f56bfc062723c751e8b465ee728b)  -> (artifact id: '327781c88ffc2d86692f4d8c718c640e') in 0.022250 seconds 
  Import took 0.026353 seconds .

========================================================================
Received Import Request.
  Time since last request: 0.000367 seconds.
  path: Assets/Art/Top_Down_Adventure_Pack_v.1.0/Top_Down_Adventure_Pack_v.1.0/Char_Sprites/char_climbing_down_before_anim.gif
  artifactKey: Guid(92aaa9a8a46584d409e60e60b4935c3d) Importer(815301076,1909f56bfc062723c751e8b465ee728b)
Start importing Assets/Art/Top_Down_Adventure_Pack_v.1.0/Top_Down_Adventure_Pack_v.1.0/Char_Sprites/char_climbing_down_before_anim.gif using Guid(92aaa9a8a46584d409e60e60b4935c3d) Importer(815301076,1909f56bfc062723c751e8b465ee728b)  -> (artifact id: '39c13aab69a472d44553e1383f6db1a8') in 0.016326 seconds 
  Import took 0.019341 seconds .

========================================================================
Received Import Request.
  Time since last request: 0.000231 seconds.
  path: Assets/Art/Top_Down_Adventure_Pack_v.1.0/Top_Down_Adventure_Pack_v.1.0/Char_Sprites/char_attack_left_anim_strip_6.png
  artifactKey: Guid(901732be403896b44bd615547b4ffbe4) Importer(815301076,1909f56bfc062723c751e8b465ee728b)
Start importing Assets/Art/Top_Down_Adventure_Pack_v.1.0/Top_Down_Adventure_Pack_v.1.0/Char_Sprites/char_attack_left_anim_strip_6.png using Guid(901732be403896b44bd615547b4ffbe4) Importer(815301076,1909f56bfc062723c751e8b465ee728b)  -> (artifact id: '66ca45bcf0bad47883216a97d4e670c5') in 0.013863 seconds 
  Import took 0.016472 seconds .

========================================================================
Received Import Request.
  Time since last request: 0.000238 seconds.
  path: Assets/Art/Top_Down_Adventure_Pack_v.1.0/Top_Down_Adventure_Pack_v.1.0/Char_Sprites/char_attack_right_anim.gif
  artifactKey: Guid(303d9c4ece094f740b8795d8143ae873) Importer(815301076,1909f56bfc062723c751e8b465ee728b)
Start importing Assets/Art/Top_Down_Adventure_Pack_v.1.0/Top_Down_Adventure_Pack_v.1.0/Char_Sprites/char_attack_right_anim.gif using Guid(303d9c4ece094f740b8795d8143ae873) Importer(815301076,1909f56bfc062723c751e8b465ee728b)  -> (artifact id: 'a845645568bd3d6840543e64b219f252') in 0.011962 seconds 
  Import took 0.015587 seconds .

========================================================================
Received Import Request.
  Time since last request: 0.000334 seconds.
  path: Assets/Art/Top_Down_Adventure_Pack_v.1.0/Top_Down_Adventure_Pack_v.1.0/Char_Sprites/char_attack_up_anim.gif
  artifactKey: Guid(28c86dfe9f190a14693db5dff8aa777f) Importer(815301076,1909f56bfc062723c751e8b465ee728b)
Start importing Assets/Art/Top_Down_Adventure_Pack_v.1.0/Top_Down_Adventure_Pack_v.1.0/Char_Sprites/char_attack_up_anim.gif using Guid(28c86dfe9f190a14693db5dff8aa777f) Importer(815301076,1909f56bfc062723c751e8b465ee728b)  -> (artifact id: 'ecbeb5c454f193056a95ec7d6e8b5679') in 0.013496 seconds 
  Import took 0.016769 seconds .

========================================================================
Received Import Request.
  Time since last request: 0.000205 seconds.
  path: Assets/Art/Top_Down_Adventure_Pack_v.1.0/Top_Down_Adventure_Pack_v.1.0/Char_Sprites/char_falling_all_dir_anim_strip_6.png
  artifactKey: Guid(f77c0f9ccacdeb34c9e16e60d408ad99) Importer(815301076,1909f56bfc062723c751e8b465ee728b)
Start importing Assets/Art/Top_Down_Adventure_Pack_v.1.0/Top_Down_Adventure_Pack_v.1.0/Char_Sprites/char_falling_all_dir_anim_strip_6.png using Guid(f77c0f9ccacdeb34c9e16e60d408ad99) Importer(815301076,1909f56bfc062723c751e8b465ee728b)  -> (artifact id: '3d0dbbe3afce76b21b34081d43199b59') in 0.013852 seconds 
  Import took 0.017208 seconds .

========================================================================
Received Import Request.
  Time since last request: 0.000238 seconds.
  path: Assets/Art/Top_Down_Adventure_Pack_v.1.0/Top_Down_Adventure_Pack_v.1.0/Char_Sprites/char_climbing_up_after_anim.gif
  artifactKey: Guid(2c0e75cf34294a5478f8ef17627ed94d) Importer(815301076,1909f56bfc062723c751e8b465ee728b)
Start importing Assets/Art/Top_Down_Adventure_Pack_v.1.0/Top_Down_Adventure_Pack_v.1.0/Char_Sprites/char_climbing_up_after_anim.gif using Guid(2c0e75cf34294a5478f8ef17627ed94d) Importer(815301076,1909f56bfc062723c751e8b465ee728b)  -> (artifact id: '7aec24ef9e039d01b376f9fac4c78e3a') in 0.013536 seconds 
  Import took 0.016413 seconds .

========================================================================
Received Import Request.
  Time since last request: 0.000207 seconds.
  path: Assets/Art/Top_Down_Adventure_Pack_v.1.0/Top_Down_Adventure_Pack_v.1.0/Char_Sprites/char_climbing_up_anim_strip_6.png
  artifactKey: Guid(475e8fb106e04af4d8419a52ea9aac69) Importer(815301076,1909f56bfc062723c751e8b465ee728b)
Start importing Assets/Art/Top_Down_Adventure_Pack_v.1.0/Top_Down_Adventure_Pack_v.1.0/Char_Sprites/char_climbing_up_anim_strip_6.png using Guid(475e8fb106e04af4d8419a52ea9aac69) Importer(815301076,1909f56bfc062723c751e8b465ee728b)  -> (artifact id: 'e0a53bbda7bcdfd867e00ea4eabaf71a') in 0.013825 seconds 
  Import took 0.017554 seconds .

========================================================================
Received Import Request.
  Time since last request: 0.000177 seconds.
  path: Assets/Art/Top_Down_Adventure_Pack_v.1.0/Top_Down_Adventure_Pack_v.1.0/Char_Sprites/char_climbing_down_anim.gif
  artifactKey: Guid(d063a7b517f1b9448a2c46c3d9aafd1f) Importer(815301076,1909f56bfc062723c751e8b465ee728b)
Start importing Assets/Art/Top_Down_Adventure_Pack_v.1.0/Top_Down_Adventure_Pack_v.1.0/Char_Sprites/char_climbing_down_anim.gif using Guid(d063a7b517f1b9448a2c46c3d9aafd1f) Importer(815301076,1909f56bfc062723c751e8b465ee728b)  -> (artifact id: 'b4ecea1fb44fc615f11a8ad1d09fe0b4') in 0.012685 seconds 
  Import took 0.015955 seconds .

========================================================================
Received Import Request.
  Time since last request: 0.000256 seconds.
  path: Assets/Art/Top_Down_Adventure_Pack_v.1.0/Top_Down_Adventure_Pack_v.1.0/Char_Sprites/char_attack_right_anim_strip_6.png
  artifactKey: Guid(a5290471bb815e0498c80547903b7e87) Importer(815301076,1909f56bfc062723c751e8b465ee728b)
Start importing Assets/Art/Top_Down_Adventure_Pack_v.1.0/Top_Down_Adventure_Pack_v.1.0/Char_Sprites/char_attack_right_anim_strip_6.png using Guid(a5290471bb815e0498c80547903b7e87) Importer(815301076,1909f56bfc062723c751e8b465ee728b)  -> (artifact id: 'a70ce15a16ec2de1a77ff5c441d48c2f') in 0.015154 seconds 
  Import took 0.018469 seconds .

========================================================================
Received Import Request.
  Time since last request: 0.000181 seconds.
  path: Assets/Art/Top_Down_Adventure_Pack_v.1.0/Top_Down_Adventure_Pack_v.1.0/Char_Sprites/char_climbing_down_before_anim_strip_3.png
  artifactKey: Guid(0801805076cd5f9488f42359c795019a) Importer(815301076,1909f56bfc062723c751e8b465ee728b)
Start importing Assets/Art/Top_Down_Adventure_Pack_v.1.0/Top_Down_Adventure_Pack_v.1.0/Char_Sprites/char_climbing_down_before_anim_strip_3.png using Guid(0801805076cd5f9488f42359c795019a) Importer(815301076,1909f56bfc062723c751e8b465ee728b)  -> (artifact id: 'aeb7a3ac0e6893d9796d97b2a4a3aefe') in 0.012786 seconds 
  Import took 0.015353 seconds .

========================================================================
Received Import Request.
  Time since last request: 0.000173 seconds.
  path: Assets/Art/Top_Down_Adventure_Pack_v.1.0/Top_Down_Adventure_Pack_v.1.0/Char_Sprites/char_death_all_dir_anim.gif
  artifactKey: Guid(ced23837a82dd2f46bbdce3198a5909e) Importer(815301076,1909f56bfc062723c751e8b465ee728b)
Start importing Assets/Art/Top_Down_Adventure_Pack_v.1.0/Top_Down_Adventure_Pack_v.1.0/Char_Sprites/char_death_all_dir_anim.gif using Guid(ced23837a82dd2f46bbdce3198a5909e) Importer(815301076,1909f56bfc062723c751e8b465ee728b)  -> (artifact id: '25876ebe0763029a40044051470938c0') in 0.013013 seconds 
  Import took 0.016265 seconds .

========================================================================
Received Import Request.
  Time since last request: 0.000267 seconds.
  path: Assets/Art/Top_Down_Adventure_Pack_v.1.0/Top_Down_Adventure_Pack_v.1.0/Char_Sprites/char_climbing_up_after_anim_strip_3.png
  artifactKey: Guid(4a7d6775005507a449775bcdbe869b74) Importer(815301076,1909f56bfc062723c751e8b465ee728b)
Start importing Assets/Art/Top_Down_Adventure_Pack_v.1.0/Top_Down_Adventure_Pack_v.1.0/Char_Sprites/char_climbing_up_after_anim_strip_3.png using Guid(4a7d6775005507a449775bcdbe869b74) Importer(815301076,1909f56bfc062723c751e8b465ee728b)  -> (artifact id: '77c77cd929a3d4ca3b7a79e550729923') in 0.015341 seconds 
  Import took 0.018803 seconds .

========================================================================
Received Import Request.
  Time since last request: 0.000173 seconds.
  path: Assets/Art/Top_Down_Adventure_Pack_v.1.0/Top_Down_Adventure_Pack_v.1.0/Char_Sprites/char_attack_up_anim_strip_6.png
  artifactKey: Guid(064c5350235e84849a9f133033b567b8) Importer(815301076,1909f56bfc062723c751e8b465ee728b)
Start importing Assets/Art/Top_Down_Adventure_Pack_v.1.0/Top_Down_Adventure_Pack_v.1.0/Char_Sprites/char_attack_up_anim_strip_6.png using Guid(064c5350235e84849a9f133033b567b8) Importer(815301076,1909f56bfc062723c751e8b465ee728b)  -> (artifact id: 'c17bd84b1803c1601186e2fc717dba6d') in 0.013389 seconds 
  Import took 0.016562 seconds .

========================================================================
Received Import Request.
  Time since last request: 0.000177 seconds.
  path: Assets/Art/Top_Down_Adventure_Pack_v.1.0/Top_Down_Adventure_Pack_v.1.0/Char_Sprites/char_hit_down_anim.gif
  artifactKey: Guid(16f50319edf8ab84383c8b1d6f51f09b) Importer(815301076,1909f56bfc062723c751e8b465ee728b)
Start importing Assets/Art/Top_Down_Adventure_Pack_v.1.0/Top_Down_Adventure_Pack_v.1.0/Char_Sprites/char_hit_down_anim.gif using Guid(16f50319edf8ab84383c8b1d6f51f09b) Importer(815301076,1909f56bfc062723c751e8b465ee728b)  -> (artifact id: '2d5484f274a6f3108c7ee13a4f5ca2f7') in 0.012999 seconds 
  Import took 0.016364 seconds .

========================================================================
Received Import Request.
  Time since last request: 0.000233 seconds.
  path: Assets/Art/Top_Down_Adventure_Pack_v.1.0/Top_Down_Adventure_Pack_v.1.0/Char_Sprites/char_falling_all_dir_anim.gif
  artifactKey: Guid(714c137cd81e9614f8dffcba15e8f468) Importer(815301076,1909f56bfc062723c751e8b465ee728b)
Start importing Assets/Art/Top_Down_Adventure_Pack_v.1.0/Top_Down_Adventure_Pack_v.1.0/Char_Sprites/char_falling_all_dir_anim.gif using Guid(714c137cd81e9614f8dffcba15e8f468) Importer(815301076,1909f56bfc062723c751e8b465ee728b)  -> (artifact id: '93d65a13a9641ac11857b86be4064153') in 0.013285 seconds 
  Import took 0.017173 seconds .

========================================================================
Received Import Request.
  Time since last request: 0.000203 seconds.
  path: Assets/Art/Top_Down_Adventure_Pack_v.1.0/Top_Down_Adventure_Pack_v.1.0/Char_Sprites/char_climbing_down_anim_strip_6.png
  artifactKey: Guid(c1ce8bba95aedc0448ceb0c13a809480) Importer(815301076,1909f56bfc062723c751e8b465ee728b)
Start importing Assets/Art/Top_Down_Adventure_Pack_v.1.0/Top_Down_Adventure_Pack_v.1.0/Char_Sprites/char_climbing_down_anim_strip_6.png using Guid(c1ce8bba95aedc0448ceb0c13a809480) Importer(815301076,1909f56bfc062723c751e8b465ee728b)  -> (artifact id: 'c366577b8b0494041643519c6b1cbba2') in 0.014692 seconds 
  Import took 0.018758 seconds .

========================================================================
Received Import Request.
  Time since last request: 0.000176 seconds.
  path: Assets/Art/Top_Down_Adventure_Pack_v.1.0/Top_Down_Adventure_Pack_v.1.0/Char_Sprites/char_attack_down_anim_strip_6.png
  artifactKey: Guid(f69d3fac93ee2644fbeeff940981886a) Importer(815301076,1909f56bfc062723c751e8b465ee728b)
Start importing Assets/Art/Top_Down_Adventure_Pack_v.1.0/Top_Down_Adventure_Pack_v.1.0/Char_Sprites/char_attack_down_anim_strip_6.png using Guid(f69d3fac93ee2644fbeeff940981886a) Importer(815301076,1909f56bfc062723c751e8b465ee728b)  -> (artifact id: '4131f7874542573afb45b695865cfb53') in 0.011373 seconds 
  Import took 0.014563 seconds .

========================================================================
Received Import Request.
  Time since last request: 43.199089 seconds.
  path: Assets/Art/Top_Down_Adventure_Pack_v.1.0/Top_Down_Adventure_Pack_v.1.0/Dungeon_Tileset.png
  artifactKey: Guid(5734db4e847703749b8423c7ad0cef53) Importer(815301076,1909f56bfc062723c751e8b465ee728b)
Start importing Assets/Art/Top_Down_Adventure_Pack_v.1.0/Top_Down_Adventure_Pack_v.1.0/Dungeon_Tileset.png using Guid(5734db4e847703749b8423c7ad0cef53) Importer(815301076,1909f56bfc062723c751e8b465ee728b)  -> (artifact id: '3a6d8d66de00e06182a70cdb4a9a9753') in 0.016559 seconds 
  Import took 0.019527 seconds .

========================================================================
Received Import Request.
  Time since last request: 0.000208 seconds.
  path: Assets/Art/Top_Down_Adventure_Pack_v.1.0/Top_Down_Adventure_Pack_v.1.0/Overworld_Tileset 1.png
  artifactKey: Guid(a5cb3a6916dc0f0468aeb2e90b8c32a8) Importer(815301076,1909f56bfc062723c751e8b465ee728b)
Start importing Assets/Art/Top_Down_Adventure_Pack_v.1.0/Top_Down_Adventure_Pack_v.1.0/Overworld_Tileset 1.png using Guid(a5cb3a6916dc0f0468aeb2e90b8c32a8) Importer(815301076,1909f56bfc062723c751e8b465ee728b)  -> (artifact id: '08f40e8efab094da95630703ac2ed053') in 0.021602 seconds 
  Import took 0.024514 seconds .

========================================================================
Received Import Request.
  Time since last request: 107.287484 seconds.
  path: Assets/Art/Top_Down_Adventure_Pack_v.1.0/Top_Down_Adventure_Pack_v.1.0/Overworld_Tileset 1.png
  artifactKey: Guid(a5cb3a6916dc0f0468aeb2e90b8c32a8) Importer(815301076,1909f56bfc062723c751e8b465ee728b)
Start importing Assets/Art/Top_Down_Adventure_Pack_v.1.0/Top_Down_Adventure_Pack_v.1.0/Overworld_Tileset 1.png using Guid(a5cb3a6916dc0f0468aeb2e90b8c32a8) Importer(815301076,1909f56bfc062723c751e8b465ee728b)  -> (artifact id: 'cc5509cef517f77f566d5acac2c3ef08') in 0.015774 seconds 
  Import took 0.020883 seconds .

========================================================================
Received Import Request.
  Time since last request: 53.479654 seconds.
  path: Assets/Art/Top_Down_Adventure_Pack_v.1.0/Top_Down_Adventure_Pack_v.1.0/Overworld_Tileset 1.png
  artifactKey: Guid(a5cb3a6916dc0f0468aeb2e90b8c32a8) Importer(815301076,1909f56bfc062723c751e8b465ee728b)
Start importing Assets/Art/Top_Down_Adventure_Pack_v.1.0/Top_Down_Adventure_Pack_v.1.0/Overworld_Tileset 1.png using Guid(a5cb3a6916dc0f0468aeb2e90b8c32a8) Importer(815301076,1909f56bfc062723c751e8b465ee728b)  -> (artifact id: '9d3d65a8e066ff0a15bc97e9aeb49eac') in 0.479021 seconds 
  Import took 0.482814 seconds .

========================================================================
Received Import Request.
  Time since last request: 409.184598 seconds.
  path: ProjectSettings/TagManager.asset
  artifactKey: Guid(00000000000000003000000000000000) Importer(815301076,1909f56bfc062723c751e8b465ee728b)
Start importing ProjectSettings/TagManager.asset using Guid(00000000000000003000000000000000) Importer(815301076,1909f56bfc062723c751e8b465ee728b)  -> (artifact id: '95df672b4aaba54310d34c83eef51bb8') in 0.011678 seconds 
  Import took 0.017440 seconds .

========================================================================
Received Prepare
Registering precompiled user dll's ...
Registered in 0.004006 seconds.
Begin MonoManager ReloadAssembly
Native extension for WindowsStandalone target not found
Native extension for OSXStandalone target not found
Native extension for WebGL target not found
Refreshing native plugins compatible for Editor in 0.44 ms, found 3 plugins.
Preloading 0 native plugins for Editor in 0.00 ms.
Mono: successfully reloaded assembly
- Completed reload, in  0.888 seconds
Domain Reload Profiling:
	ReloadAssembly (888ms)
		BeginReloadAssembly (129ms)
			ExecutionOrderSort (0ms)
			DisableScriptedObjects (10ms)
			BackupInstance (0ms)
			ReleaseScriptingObjects (0ms)
			CreateAndSetChildDomain (35ms)
		EndReloadAssembly (707ms)
			LoadAssemblies (85ms)
			RebuildTransferFunctionScriptingTraits (0ms)
			SetupTypeCache (262ms)
			ReleaseScriptCaches (1ms)
			RebuildScriptCaches (37ms)
			SetupLoadedEditorAssemblies (248ms)
				LogAssemblyErrors (0ms)
				InitializePlatformSupportModulesInManaged (5ms)
				SetLoadedEditorAssemblies (0ms)
				RefreshPlugins (0ms)
				BeforeProcessingInitializeOnLoad (51ms)
				ProcessInitializeOnLoadAttributes (178ms)
				ProcessInitializeOnLoadMethodAttributes (9ms)
				AfterProcessingInitializeOnLoad (4ms)
				EditorAssembliesLoaded (0ms)
			ExecutionOrderSort2 (0ms)
			AwakeInstancesAfterBackupRestoration (7ms)
Platform modules already initialized, skipping
Refreshing native plugins compatible for Editor in 0.51 ms, found 3 plugins.
Preloading 0 native plugins for Editor in 0.00 ms.
Unloading 2187 Unused Serialized files (Serialized files now loaded: 0)
System memory in use before: 99.1 MB.
System memory in use after: 99.3 MB.

Unloading 18 unused Assets to reduce memory usage. Loaded Objects now: 2669.
Total: 3.098400 ms (FindLiveObjects: 0.225800 ms CreateObjectMapping: 0.088000 ms MarkObjects: 2.756000 ms  DeleteObjects: 0.027700 ms)

AssetImportParameters requested are different than current active one (requested -> active):
  custom:framework-win-MediaFoundation: 216162199b28c13a410421893ffa2e32 -> 
  custom:video-decoder-ogg-theora: a1e56fd34408186e4bbccfd4996cb3dc -> 
  custom:container-muxer-webm: aa71ff27fc2769a1b78a27578f13a17b -> 
  custom:container-demuxer-webm: 4f35f7cbe854078d1ac9338744f61a02 -> 
  custom:container-demuxer-ogg: 62fdf1f143b41e24485cea50d1cbac27 -> 
  custom:video-encoder-webm-vp8: eb34c28f22e8b96e1ab97ce403110664 -> 
  custom:video-decoder-webm-vp8: 9c59270c3fd7afecdb556c50c9e8de78 -> 
  custom:audio-decoder-ogg-vorbis: bf7c407c2cedff20999df2af8eb42d56 -> 
  custom:audio-encoder-webm-vorbis: bf7c407c2cedff20999df2af8eb42d56 -> 
========================================================================
Received Prepare
Registering precompiled user dll's ...
Registered in 0.003400 seconds.
Begin MonoManager ReloadAssembly
Native extension for WindowsStandalone target not found
Native extension for OSXStandalone target not found
Native extension for WebGL target not found
Refreshing native plugins compatible for Editor in 0.45 ms, found 3 plugins.
Preloading 0 native plugins for Editor in 0.00 ms.
Mono: successfully reloaded assembly
- Completed reload, in  0.937 seconds
Domain Reload Profiling:
	ReloadAssembly (938ms)
		BeginReloadAssembly (108ms)
			ExecutionOrderSort (0ms)
			DisableScriptedObjects (8ms)
			BackupInstance (0ms)
			ReleaseScriptingObjects (0ms)
			CreateAndSetChildDomain (37ms)
		EndReloadAssembly (771ms)
			LoadAssemblies (78ms)
			RebuildTransferFunctionScriptingTraits (0ms)
			SetupTypeCache (285ms)
			ReleaseScriptCaches (1ms)
			RebuildScriptCaches (47ms)
			SetupLoadedEditorAssemblies (247ms)
				LogAssemblyErrors (0ms)
				InitializePlatformSupportModulesInManaged (5ms)
				SetLoadedEditorAssemblies (0ms)
				RefreshPlugins (0ms)
				BeforeProcessingInitializeOnLoad (52ms)
				ProcessInitializeOnLoadAttributes (175ms)
				ProcessInitializeOnLoadMethodAttributes (9ms)
				AfterProcessingInitializeOnLoad (4ms)
				EditorAssembliesLoaded (0ms)
			ExecutionOrderSort2 (0ms)
			AwakeInstancesAfterBackupRestoration (7ms)
Platform modules already initialized, skipping
Refreshing native plugins compatible for Editor in 0.65 ms, found 3 plugins.
Preloading 0 native plugins for Editor in 0.00 ms.
Unloading 2187 Unused Serialized files (Serialized files now loaded: 0)
System memory in use before: 99.2 MB.
System memory in use after: 99.3 MB.

Unloading 17 unused Assets to reduce memory usage. Loaded Objects now: 2671.
Total: 2.293100 ms (FindLiveObjects: 0.132900 ms CreateObjectMapping: 0.055900 ms MarkObjects: 2.091300 ms  DeleteObjects: 0.012500 ms)

AssetImportParameters requested are different than current active one (requested -> active):
  custom:framework-win-MediaFoundation: 216162199b28c13a410421893ffa2e32 -> 
  custom:video-decoder-ogg-theora: a1e56fd34408186e4bbccfd4996cb3dc -> 
  custom:container-muxer-webm: aa71ff27fc2769a1b78a27578f13a17b -> 
  custom:container-demuxer-webm: 4f35f7cbe854078d1ac9338744f61a02 -> 
  custom:container-demuxer-ogg: 62fdf1f143b41e24485cea50d1cbac27 -> 
  custom:video-encoder-webm-vp8: eb34c28f22e8b96e1ab97ce403110664 -> 
  custom:video-decoder-webm-vp8: 9c59270c3fd7afecdb556c50c9e8de78 -> 
  custom:audio-decoder-ogg-vorbis: bf7c407c2cedff20999df2af8eb42d56 -> 
  custom:audio-encoder-webm-vorbis: bf7c407c2cedff20999df2af8eb42d56 -> 
========================================================================
Received Prepare
Registering precompiled user dll's ...
Registered in 0.176268 seconds.
Begin MonoManager ReloadAssembly
Native extension for WindowsStandalone target not found
Native extension for OSXStandalone target not found
Native extension for WebGL target not found
Refreshing native plugins compatible for Editor in 0.45 ms, found 3 plugins.
Preloading 0 native plugins for Editor in 0.00 ms.
Mono: successfully reloaded assembly
- Completed reload, in  1.026 seconds
Domain Reload Profiling:
	ReloadAssembly (1028ms)
		BeginReloadAssembly (177ms)
			ExecutionOrderSort (0ms)
			DisableScriptedObjects (13ms)
			BackupInstance (0ms)
			ReleaseScriptingObjects (0ms)
			CreateAndSetChildDomain (71ms)
		EndReloadAssembly (792ms)
			LoadAssemblies (85ms)
			RebuildTransferFunctionScriptingTraits (0ms)
			SetupTypeCache (305ms)
			ReleaseScriptCaches (1ms)
			RebuildScriptCaches (40ms)
			SetupLoadedEditorAssemblies (246ms)
				LogAssemblyErrors (0ms)
				InitializePlatformSupportModulesInManaged (6ms)
				SetLoadedEditorAssemblies (1ms)
				RefreshPlugins (0ms)
				BeforeProcessingInitializeOnLoad (53ms)
				ProcessInitializeOnLoadAttributes (172ms)
				ProcessInitializeOnLoadMethodAttributes (9ms)
				AfterProcessingInitializeOnLoad (4ms)
				EditorAssembliesLoaded (0ms)
			ExecutionOrderSort2 (0ms)
			AwakeInstancesAfterBackupRestoration (8ms)
Platform modules already initialized, skipping
Refreshing native plugins compatible for Editor in 0.53 ms, found 3 plugins.
Preloading 0 native plugins for Editor in 0.00 ms.
Unloading 2187 Unused Serialized files (Serialized files now loaded: 0)
System memory in use before: 99.3 MB.
System memory in use after: 99.4 MB.

Unloading 17 unused Assets to reduce memory usage. Loaded Objects now: 2673.
Total: 3.392800 ms (FindLiveObjects: 0.325500 ms CreateObjectMapping: 0.070000 ms MarkObjects: 2.893500 ms  DeleteObjects: 0.102400 ms)

AssetImportParameters requested are different than current active one (requested -> active):
  custom:framework-win-MediaFoundation: 216162199b28c13a410421893ffa2e32 -> 
  custom:video-decoder-ogg-theora: a1e56fd34408186e4bbccfd4996cb3dc -> 
  custom:container-muxer-webm: aa71ff27fc2769a1b78a27578f13a17b -> 
  custom:container-demuxer-webm: 4f35f7cbe854078d1ac9338744f61a02 -> 
  custom:container-demuxer-ogg: 62fdf1f143b41e24485cea50d1cbac27 -> 
  custom:video-encoder-webm-vp8: eb34c28f22e8b96e1ab97ce403110664 -> 
  custom:video-decoder-webm-vp8: 9c59270c3fd7afecdb556c50c9e8de78 -> 
  custom:audio-decoder-ogg-vorbis: bf7c407c2cedff20999df2af8eb42d56 -> 
  custom:audio-encoder-webm-vorbis: bf7c407c2cedff20999df2af8eb42d56 -> 
========================================================================
Received Prepare
Registering precompiled user dll's ...
Registered in 0.004647 seconds.
Begin MonoManager ReloadAssembly
Native extension for WindowsStandalone target not found
Native extension for OSXStandalone target not found
Native extension for WebGL target not found
Refreshing native plugins compatible for Editor in 0.49 ms, found 3 plugins.
Preloading 0 native plugins for Editor in 0.00 ms.
Mono: successfully reloaded assembly
- Completed reload, in  0.882 seconds
Domain Reload Profiling:
	ReloadAssembly (883ms)
		BeginReloadAssembly (108ms)
			ExecutionOrderSort (0ms)
			DisableScriptedObjects (7ms)
			BackupInstance (0ms)
			ReleaseScriptingObjects (0ms)
			CreateAndSetChildDomain (34ms)
		EndReloadAssembly (710ms)
			LoadAssemblies (80ms)
			RebuildTransferFunctionScriptingTraits (0ms)
			SetupTypeCache (254ms)
			ReleaseScriptCaches (1ms)
			RebuildScriptCaches (36ms)
			SetupLoadedEditorAssemblies (250ms)
				LogAssemblyErrors (0ms)
				InitializePlatformSupportModulesInManaged (5ms)
				SetLoadedEditorAssemblies (0ms)
				RefreshPlugins (1ms)
				BeforeProcessingInitializeOnLoad (52ms)
				ProcessInitializeOnLoadAttributes (179ms)
				ProcessInitializeOnLoadMethodAttributes (9ms)
				AfterProcessingInitializeOnLoad (4ms)
				EditorAssembliesLoaded (0ms)
			ExecutionOrderSort2 (0ms)
			AwakeInstancesAfterBackupRestoration (7ms)
Platform modules already initialized, skipping
Refreshing native plugins compatible for Editor in 0.55 ms, found 3 plugins.
Preloading 0 native plugins for Editor in 0.00 ms.
Unloading 2187 Unused Serialized files (Serialized files now loaded: 0)
System memory in use before: 99.3 MB.
System memory in use after: 99.4 MB.

Unloading 17 unused Assets to reduce memory usage. Loaded Objects now: 2675.
Total: 2.676700 ms (FindLiveObjects: 0.130900 ms CreateObjectMapping: 0.058000 ms MarkObjects: 2.467000 ms  DeleteObjects: 0.020000 ms)

AssetImportParameters requested are different than current active one (requested -> active):
  custom:framework-win-MediaFoundation: 216162199b28c13a410421893ffa2e32 -> 
  custom:video-decoder-ogg-theora: a1e56fd34408186e4bbccfd4996cb3dc -> 
  custom:container-muxer-webm: aa71ff27fc2769a1b78a27578f13a17b -> 
  custom:container-demuxer-webm: 4f35f7cbe854078d1ac9338744f61a02 -> 
  custom:container-demuxer-ogg: 62fdf1f143b41e24485cea50d1cbac27 -> 
  custom:video-encoder-webm-vp8: eb34c28f22e8b96e1ab97ce403110664 -> 
  custom:video-decoder-webm-vp8: 9c59270c3fd7afecdb556c50c9e8de78 -> 
  custom:audio-decoder-ogg-vorbis: bf7c407c2cedff20999df2af8eb42d56 -> 
  custom:audio-encoder-webm-vorbis: bf7c407c2cedff20999df2af8eb42d56 -> 
========================================================================
Received Prepare
Registering precompiled user dll's ...
Registered in 0.189568 seconds.
Begin MonoManager ReloadAssembly
Native extension for WindowsStandalone target not found
Native extension for OSXStandalone target not found
Native extension for WebGL target not found
Refreshing native plugins compatible for Editor in 0.45 ms, found 3 plugins.
Preloading 0 native plugins for Editor in 0.00 ms.
Mono: successfully reloaded assembly
- Completed reload, in  0.882 seconds
Domain Reload Profiling:
	ReloadAssembly (883ms)
		BeginReloadAssembly (106ms)
			ExecutionOrderSort (0ms)
			DisableScriptedObjects (5ms)
			BackupInstance (0ms)
			ReleaseScriptingObjects (0ms)
			CreateAndSetChildDomain (29ms)
		EndReloadAssembly (728ms)
			LoadAssemblies (69ms)
			RebuildTransferFunctionScriptingTraits (0ms)
			SetupTypeCache (316ms)
			ReleaseScriptCaches (1ms)
			RebuildScriptCaches (36ms)
			SetupLoadedEditorAssemblies (224ms)
				LogAssemblyErrors (0ms)
				InitializePlatformSupportModulesInManaged (5ms)
				SetLoadedEditorAssemblies (0ms)
				RefreshPlugins (0ms)
				BeforeProcessingInitializeOnLoad (47ms)
				ProcessInitializeOnLoadAttributes (159ms)
				ProcessInitializeOnLoadMethodAttributes (8ms)
				AfterProcessingInitializeOnLoad (4ms)
				EditorAssembliesLoaded (0ms)
			ExecutionOrderSort2 (0ms)
			AwakeInstancesAfterBackupRestoration (7ms)
Platform modules already initialized, skipping
Refreshing native plugins compatible for Editor in 0.45 ms, found 3 plugins.
Preloading 0 native plugins for Editor in 0.00 ms.
Unloading 2187 Unused Serialized files (Serialized files now loaded: 0)
System memory in use before: 99.3 MB.
System memory in use after: 99.4 MB.

Unloading 17 unused Assets to reduce memory usage. Loaded Objects now: 2677.
Total: 2.335600 ms (FindLiveObjects: 0.129400 ms CreateObjectMapping: 0.056500 ms MarkObjects: 2.089400 ms  DeleteObjects: 0.059700 ms)

AssetImportParameters requested are different than current active one (requested -> active):
  custom:framework-win-MediaFoundation: 216162199b28c13a410421893ffa2e32 -> 
  custom:video-decoder-ogg-theora: a1e56fd34408186e4bbccfd4996cb3dc -> 
  custom:container-muxer-webm: aa71ff27fc2769a1b78a27578f13a17b -> 
  custom:container-demuxer-webm: 4f35f7cbe854078d1ac9338744f61a02 -> 
  custom:container-demuxer-ogg: 62fdf1f143b41e24485cea50d1cbac27 -> 
  custom:video-encoder-webm-vp8: eb34c28f22e8b96e1ab97ce403110664 -> 
  custom:video-decoder-webm-vp8: 9c59270c3fd7afecdb556c50c9e8de78 -> 
  custom:audio-decoder-ogg-vorbis: bf7c407c2cedff20999df2af8eb42d56 -> 
  custom:audio-encoder-webm-vorbis: bf7c407c2cedff20999df2af8eb42d56 -> 
========================================================================
Received Prepare
Registering precompiled user dll's ...
Registered in 0.003488 seconds.
Begin MonoManager ReloadAssembly
Native extension for WindowsStandalone target not found
Native extension for OSXStandalone target not found
Native extension for WebGL target not found
Refreshing native plugins compatible for Editor in 0.46 ms, found 3 plugins.
Preloading 0 native plugins for Editor in 0.00 ms.
Mono: successfully reloaded assembly
- Completed reload, in  0.821 seconds
Domain Reload Profiling:
	ReloadAssembly (822ms)
		BeginReloadAssembly (97ms)
			ExecutionOrderSort (0ms)
			DisableScriptedObjects (5ms)
			BackupInstance (0ms)
			ReleaseScriptingObjects (0ms)
			CreateAndSetChildDomain (28ms)
		EndReloadAssembly (675ms)
			LoadAssemblies (70ms)
			RebuildTransferFunctionScriptingTraits (0ms)
			SetupTypeCache (247ms)
			ReleaseScriptCaches (1ms)
			RebuildScriptCaches (35ms)
			SetupLoadedEditorAssemblies (229ms)
				LogAssemblyErrors (0ms)
				InitializePlatformSupportModulesInManaged (5ms)
				SetLoadedEditorAssemblies (0ms)
				RefreshPlugins (1ms)
				BeforeProcessingInitializeOnLoad (47ms)
				ProcessInitializeOnLoadAttributes (163ms)
				ProcessInitializeOnLoadMethodAttributes (8ms)
				AfterProcessingInitializeOnLoad (4ms)
				EditorAssembliesLoaded (0ms)
			ExecutionOrderSort2 (0ms)
			AwakeInstancesAfterBackupRestoration (7ms)
Platform modules already initialized, skipping
Refreshing native plugins compatible for Editor in 0.49 ms, found 3 plugins.
Preloading 0 native plugins for Editor in 0.00 ms.
Unloading 2187 Unused Serialized files (Serialized files now loaded: 0)
System memory in use before: 99.3 MB.
System memory in use after: 99.4 MB.

Unloading 17 unused Assets to reduce memory usage. Loaded Objects now: 2679.
Total: 2.960700 ms (FindLiveObjects: 0.333900 ms CreateObjectMapping: 0.162900 ms MarkObjects: 2.446100 ms  DeleteObjects: 0.017400 ms)

AssetImportParameters requested are different than current active one (requested -> active):
  custom:framework-win-MediaFoundation: 216162199b28c13a410421893ffa2e32 -> 
  custom:video-decoder-ogg-theora: a1e56fd34408186e4bbccfd4996cb3dc -> 
  custom:container-muxer-webm: aa71ff27fc2769a1b78a27578f13a17b -> 
  custom:container-demuxer-webm: 4f35f7cbe854078d1ac9338744f61a02 -> 
  custom:container-demuxer-ogg: 62fdf1f143b41e24485cea50d1cbac27 -> 
  custom:video-encoder-webm-vp8: eb34c28f22e8b96e1ab97ce403110664 -> 
  custom:video-decoder-webm-vp8: 9c59270c3fd7afecdb556c50c9e8de78 -> 
  custom:audio-decoder-ogg-vorbis: bf7c407c2cedff20999df2af8eb42d56 -> 
  custom:audio-encoder-webm-vorbis: bf7c407c2cedff20999df2af8eb42d56 -> 
========================================================================
Received Prepare
Registering precompiled user dll's ...
Registered in 0.004171 seconds.
Begin MonoManager ReloadAssembly
Native extension for WindowsStandalone target not found
Native extension for OSXStandalone target not found
Native extension for WebGL target not found
Refreshing native plugins compatible for Editor in 0.66 ms, found 3 plugins.
Preloading 0 native plugins for Editor in 0.00 ms.
Mono: successfully reloaded assembly
- Completed reload, in  0.839 seconds
Domain Reload Profiling:
	ReloadAssembly (839ms)
		BeginReloadAssembly (96ms)
			ExecutionOrderSort (0ms)
			DisableScriptedObjects (6ms)
			BackupInstance (0ms)
			ReleaseScriptingObjects (0ms)
			CreateAndSetChildDomain (34ms)
		EndReloadAssembly (688ms)
			LoadAssemblies (77ms)
			RebuildTransferFunctionScriptingTraits (0ms)
			SetupTypeCache (241ms)
			ReleaseScriptCaches (1ms)
			RebuildScriptCaches (34ms)
			SetupLoadedEditorAssemblies (250ms)
				LogAssemblyErrors (0ms)
				InitializePlatformSupportModulesInManaged (6ms)
				SetLoadedEditorAssemblies (1ms)
				RefreshPlugins (1ms)
				BeforeProcessingInitializeOnLoad (57ms)
				ProcessInitializeOnLoadAttributes (173ms)
				ProcessInitializeOnLoadMethodAttributes (8ms)
				AfterProcessingInitializeOnLoad (4ms)
				EditorAssembliesLoaded (0ms)
			ExecutionOrderSort2 (0ms)
			AwakeInstancesAfterBackupRestoration (7ms)
Platform modules already initialized, skipping
Refreshing native plugins compatible for Editor in 0.46 ms, found 3 plugins.
Preloading 0 native plugins for Editor in 0.00 ms.
Unloading 2187 Unused Serialized files (Serialized files now loaded: 0)
System memory in use before: 99.3 MB.
System memory in use after: 99.5 MB.

Unloading 17 unused Assets to reduce memory usage. Loaded Objects now: 2681.
Total: 2.952300 ms (FindLiveObjects: 0.266900 ms CreateObjectMapping: 0.156500 ms MarkObjects: 2.496700 ms  DeleteObjects: 0.031700 ms)

AssetImportParameters requested are different than current active one (requested -> active):
  custom:framework-win-MediaFoundation: 216162199b28c13a410421893ffa2e32 -> 
  custom:video-decoder-ogg-theora: a1e56fd34408186e4bbccfd4996cb3dc -> 
  custom:container-muxer-webm: aa71ff27fc2769a1b78a27578f13a17b -> 
  custom:container-demuxer-webm: 4f35f7cbe854078d1ac9338744f61a02 -> 
  custom:container-demuxer-ogg: 62fdf1f143b41e24485cea50d1cbac27 -> 
  custom:video-encoder-webm-vp8: eb34c28f22e8b96e1ab97ce403110664 -> 
  custom:video-decoder-webm-vp8: 9c59270c3fd7afecdb556c50c9e8de78 -> 
  custom:audio-decoder-ogg-vorbis: bf7c407c2cedff20999df2af8eb42d56 -> 
  custom:audio-encoder-webm-vorbis: bf7c407c2cedff20999df2af8eb42d56 -> 
========================================================================
Received Prepare
Registering precompiled user dll's ...
Registered in 0.003514 seconds.
Begin MonoManager ReloadAssembly
Native extension for WindowsStandalone target not found
Native extension for OSXStandalone target not found
Native extension for WebGL target not found
Refreshing native plugins compatible for Editor in 0.45 ms, found 3 plugins.
Preloading 0 native plugins for Editor in 0.00 ms.
Mono: successfully reloaded assembly
- Completed reload, in  0.799 seconds
Domain Reload Profiling:
	ReloadAssembly (799ms)
		BeginReloadAssembly (98ms)
			ExecutionOrderSort (0ms)
			DisableScriptedObjects (5ms)
			BackupInstance (0ms)
			ReleaseScriptingObjects (0ms)
			CreateAndSetChildDomain (26ms)
		EndReloadAssembly (651ms)
			LoadAssemblies (69ms)
			RebuildTransferFunctionScriptingTraits (0ms)
			SetupTypeCache (234ms)
			ReleaseScriptCaches (1ms)
			RebuildScriptCaches (34ms)
			SetupLoadedEditorAssemblies (227ms)
				LogAssemblyErrors (0ms)
				InitializePlatformSupportModulesInManaged (5ms)
				SetLoadedEditorAssemblies (0ms)
				RefreshPlugins (0ms)
				BeforeProcessingInitializeOnLoad (48ms)
				ProcessInitializeOnLoadAttributes (161ms)
				ProcessInitializeOnLoadMethodAttributes (9ms)
				AfterProcessingInitializeOnLoad (4ms)
				EditorAssembliesLoaded (0ms)
			ExecutionOrderSort2 (0ms)
			AwakeInstancesAfterBackupRestoration (7ms)
Platform modules already initialized, skipping
Refreshing native plugins compatible for Editor in 0.47 ms, found 3 plugins.
Preloading 0 native plugins for Editor in 0.00 ms.
Unloading 2187 Unused Serialized files (Serialized files now loaded: 0)
System memory in use before: 99.3 MB.
System memory in use after: 99.5 MB.

Unloading 17 unused Assets to reduce memory usage. Loaded Objects now: 2683.
Total: 2.518400 ms (FindLiveObjects: 0.132900 ms CreateObjectMapping: 0.059800 ms MarkObjects: 2.202700 ms  DeleteObjects: 0.122400 ms)

AssetImportParameters requested are different than current active one (requested -> active):
  custom:framework-win-MediaFoundation: 216162199b28c13a410421893ffa2e32 -> 
  custom:video-decoder-ogg-theora: a1e56fd34408186e4bbccfd4996cb3dc -> 
  custom:container-muxer-webm: aa71ff27fc2769a1b78a27578f13a17b -> 
  custom:container-demuxer-webm: 4f35f7cbe854078d1ac9338744f61a02 -> 
  custom:container-demuxer-ogg: 62fdf1f143b41e24485cea50d1cbac27 -> 
  custom:video-encoder-webm-vp8: eb34c28f22e8b96e1ab97ce403110664 -> 
  custom:video-decoder-webm-vp8: 9c59270c3fd7afecdb556c50c9e8de78 -> 
  custom:audio-decoder-ogg-vorbis: bf7c407c2cedff20999df2af8eb42d56 -> 
  custom:audio-encoder-webm-vorbis: bf7c407c2cedff20999df2af8eb42d56 -> 
========================================================================
Received Import Request.
  Time since last request: 8347.009686 seconds.
  path: Assets/Art/Top_Down_Adventure_Pack_v.1.0/Top_Down_Adventure_Pack_v.1.0/Overworld_Tileset 1.png
  artifactKey: Guid(a5cb3a6916dc0f0468aeb2e90b8c32a8) Importer(815301076,1909f56bfc062723c751e8b465ee728b)
Start importing Assets/Art/Top_Down_Adventure_Pack_v.1.0/Top_Down_Adventure_Pack_v.1.0/Overworld_Tileset 1.png using Guid(a5cb3a6916dc0f0468aeb2e90b8c32a8) Importer(815301076,1909f56bfc062723c751e8b465ee728b)  -> (artifact id: 'f535398cd80308b86cde0cf7fa873e21') in 0.493740 seconds 
  Import took 0.498216 seconds .

========================================================================
Received Prepare
Registering precompiled user dll's ...
Registered in 0.003647 seconds.
Begin MonoManager ReloadAssembly
Native extension for WindowsStandalone target not found
Native extension for OSXStandalone target not found
Native extension for WebGL target not found
Refreshing native plugins compatible for Editor in 0.45 ms, found 3 plugins.
Preloading 0 native plugins for Editor in 0.00 ms.
Mono: successfully reloaded assembly
- Completed reload, in  0.980 seconds
Domain Reload Profiling:
	ReloadAssembly (981ms)
		BeginReloadAssembly (122ms)
			ExecutionOrderSort (0ms)
			DisableScriptedObjects (6ms)
			BackupInstance (0ms)
			ReleaseScriptingObjects (0ms)
			CreateAndSetChildDomain (35ms)
		EndReloadAssembly (796ms)
			LoadAssemblies (91ms)
			RebuildTransferFunctionScriptingTraits (0ms)
			SetupTypeCache (308ms)
			ReleaseScriptCaches (1ms)
			RebuildScriptCaches (44ms)
			SetupLoadedEditorAssemblies (262ms)
				LogAssemblyErrors (0ms)
				InitializePlatformSupportModulesInManaged (5ms)
				SetLoadedEditorAssemblies (0ms)
				RefreshPlugins (0ms)
				BeforeProcessingInitializeOnLoad (49ms)
				ProcessInitializeOnLoadAttributes (192ms)
				ProcessInitializeOnLoadMethodAttributes (10ms)
				AfterProcessingInitializeOnLoad (4ms)
				EditorAssembliesLoaded (0ms)
			ExecutionOrderSort2 (0ms)
			AwakeInstancesAfterBackupRestoration (9ms)
Platform modules already initialized, skipping
Refreshing native plugins compatible for Editor in 0.65 ms, found 3 plugins.
Preloading 0 native plugins for Editor in 0.00 ms.
Unloading 2187 Unused Serialized files (Serialized files now loaded: 0)
System memory in use before: 99.4 MB.
System memory in use after: 99.5 MB.

Unloading 17 unused Assets to reduce memory usage. Loaded Objects now: 2686.
Total: 3.504200 ms (FindLiveObjects: 0.261400 ms CreateObjectMapping: 0.096700 ms MarkObjects: 3.010800 ms  DeleteObjects: 0.134300 ms)

AssetImportParameters requested are different than current active one (requested -> active):
  custom:framework-win-MediaFoundation: 216162199b28c13a410421893ffa2e32 -> 
  custom:video-decoder-ogg-theora: a1e56fd34408186e4bbccfd4996cb3dc -> 
  custom:container-muxer-webm: aa71ff27fc2769a1b78a27578f13a17b -> 
  custom:container-demuxer-webm: 4f35f7cbe854078d1ac9338744f61a02 -> 
  custom:container-demuxer-ogg: 62fdf1f143b41e24485cea50d1cbac27 -> 
  custom:video-encoder-webm-vp8: eb34c28f22e8b96e1ab97ce403110664 -> 
  custom:video-decoder-webm-vp8: 9c59270c3fd7afecdb556c50c9e8de78 -> 
  custom:audio-decoder-ogg-vorbis: bf7c407c2cedff20999df2af8eb42d56 -> 
  custom:audio-encoder-webm-vorbis: bf7c407c2cedff20999df2af8eb42d56 -> 
========================================================================
Received Prepare
Registering precompiled user dll's ...
Registered in 0.003465 seconds.
Begin MonoManager ReloadAssembly
Native extension for WindowsStandalone target not found
Native extension for OSXStandalone target not found
Native extension for WebGL target not found
Refreshing native plugins compatible for Editor in 0.52 ms, found 3 plugins.
Preloading 0 native plugins for Editor in 0.00 ms.
Mono: successfully reloaded assembly
- Completed reload, in  0.819 seconds
Domain Reload Profiling:
	ReloadAssembly (820ms)
		BeginReloadAssembly (105ms)
			ExecutionOrderSort (0ms)
			DisableScriptedObjects (5ms)
			BackupInstance (0ms)
			ReleaseScriptingObjects (0ms)
			CreateAndSetChildDomain (32ms)
		EndReloadAssembly (656ms)
			LoadAssemblies (76ms)
			RebuildTransferFunctionScriptingTraits (0ms)
			SetupTypeCache (237ms)
			ReleaseScriptCaches (1ms)
			RebuildScriptCaches (34ms)
			SetupLoadedEditorAssemblies (232ms)
				LogAssemblyErrors (0ms)
				InitializePlatformSupportModulesInManaged (5ms)
				SetLoadedEditorAssemblies (0ms)
				RefreshPlugins (1ms)
				BeforeProcessingInitializeOnLoad (47ms)
				ProcessInitializeOnLoadAttributes (166ms)
				ProcessInitializeOnLoadMethodAttributes (8ms)
				AfterProcessingInitializeOnLoad (4ms)
				EditorAssembliesLoaded (0ms)
			ExecutionOrderSort2 (0ms)
			AwakeInstancesAfterBackupRestoration (7ms)
Platform modules already initialized, skipping
Refreshing native plugins compatible for Editor in 0.50 ms, found 3 plugins.
Preloading 0 native plugins for Editor in 0.00 ms.
Unloading 2187 Unused Serialized files (Serialized files now loaded: 0)
System memory in use before: 99.4 MB.
System memory in use after: 99.5 MB.

Unloading 17 unused Assets to reduce memory usage. Loaded Objects now: 2688.
Total: 2.302400 ms (FindLiveObjects: 0.131300 ms CreateObjectMapping: 0.060800 ms MarkObjects: 2.098400 ms  DeleteObjects: 0.011200 ms)

AssetImportParameters requested are different than current active one (requested -> active):
  custom:framework-win-MediaFoundation: 216162199b28c13a410421893ffa2e32 -> 
  custom:video-decoder-ogg-theora: a1e56fd34408186e4bbccfd4996cb3dc -> 
  custom:container-muxer-webm: aa71ff27fc2769a1b78a27578f13a17b -> 
  custom:container-demuxer-webm: 4f35f7cbe854078d1ac9338744f61a02 -> 
  custom:container-demuxer-ogg: 62fdf1f143b41e24485cea50d1cbac27 -> 
  custom:video-encoder-webm-vp8: eb34c28f22e8b96e1ab97ce403110664 -> 
  custom:video-decoder-webm-vp8: 9c59270c3fd7afecdb556c50c9e8de78 -> 
  custom:audio-decoder-ogg-vorbis: bf7c407c2cedff20999df2af8eb42d56 -> 
  custom:audio-encoder-webm-vorbis: bf7c407c2cedff20999df2af8eb42d56 -> 
========================================================================
Received Prepare
Registering precompiled user dll's ...
Registered in 0.003480 seconds.
Begin MonoManager ReloadAssembly
Native extension for WindowsStandalone target not found
Native extension for OSXStandalone target not found
Native extension for WebGL target not found
Refreshing native plugins compatible for Editor in 0.44 ms, found 3 plugins.
Preloading 0 native plugins for Editor in 0.00 ms.
Mono: successfully reloaded assembly
- Completed reload, in  0.868 seconds
Domain Reload Profiling:
	ReloadAssembly (869ms)
		BeginReloadAssembly (117ms)
			ExecutionOrderSort (0ms)
			DisableScriptedObjects (7ms)
			BackupInstance (0ms)
			ReleaseScriptingObjects (0ms)
			CreateAndSetChildDomain (37ms)
		EndReloadAssembly (688ms)
			LoadAssemblies (86ms)
			RebuildTransferFunctionScriptingTraits (0ms)
			SetupTypeCache (265ms)
			ReleaseScriptCaches (1ms)
			RebuildScriptCaches (36ms)
			SetupLoadedEditorAssemblies (228ms)
				LogAssemblyErrors (0ms)
				InitializePlatformSupportModulesInManaged (5ms)
				SetLoadedEditorAssemblies (0ms)
				RefreshPlugins (0ms)
				BeforeProcessingInitializeOnLoad (48ms)
				ProcessInitializeOnLoadAttributes (162ms)
				ProcessInitializeOnLoadMethodAttributes (8ms)
				AfterProcessingInitializeOnLoad (4ms)
				EditorAssembliesLoaded (0ms)
			ExecutionOrderSort2 (0ms)
			AwakeInstancesAfterBackupRestoration (7ms)
Platform modules already initialized, skipping
Refreshing native plugins compatible for Editor in 0.49 ms, found 3 plugins.
Preloading 0 native plugins for Editor in 0.00 ms.
Unloading 2187 Unused Serialized files (Serialized files now loaded: 0)
System memory in use before: 99.4 MB.
System memory in use after: 99.5 MB.

Unloading 17 unused Assets to reduce memory usage. Loaded Objects now: 2690.
Total: 2.558900 ms (FindLiveObjects: 0.130900 ms CreateObjectMapping: 0.059900 ms MarkObjects: 2.355600 ms  DeleteObjects: 0.011600 ms)

AssetImportParameters requested are different than current active one (requested -> active):
  custom:framework-win-MediaFoundation: 216162199b28c13a410421893ffa2e32 -> 
  custom:video-decoder-ogg-theora: a1e56fd34408186e4bbccfd4996cb3dc -> 
  custom:container-muxer-webm: aa71ff27fc2769a1b78a27578f13a17b -> 
  custom:container-demuxer-webm: 4f35f7cbe854078d1ac9338744f61a02 -> 
  custom:container-demuxer-ogg: 62fdf1f143b41e24485cea50d1cbac27 -> 
  custom:video-encoder-webm-vp8: eb34c28f22e8b96e1ab97ce403110664 -> 
  custom:video-decoder-webm-vp8: 9c59270c3fd7afecdb556c50c9e8de78 -> 
  custom:audio-decoder-ogg-vorbis: bf7c407c2cedff20999df2af8eb42d56 -> 
  custom:audio-encoder-webm-vorbis: bf7c407c2cedff20999df2af8eb42d56 -> 
========================================================================
Received Prepare
Registering precompiled user dll's ...
Registered in 0.003562 seconds.
Begin MonoManager ReloadAssembly
Native extension for WindowsStandalone target not found
Native extension for OSXStandalone target not found
Native extension for WebGL target not found
Refreshing native plugins compatible for Editor in 0.46 ms, found 3 plugins.
Preloading 0 native plugins for Editor in 0.00 ms.
Mono: successfully reloaded assembly
- Completed reload, in  0.841 seconds
Domain Reload Profiling:
	ReloadAssembly (841ms)
		BeginReloadAssembly (109ms)
			ExecutionOrderSort (0ms)
			DisableScriptedObjects (5ms)
			BackupInstance (0ms)
			ReleaseScriptingObjects (0ms)
			CreateAndSetChildDomain (33ms)
		EndReloadAssembly (674ms)
			LoadAssemblies (83ms)
			RebuildTransferFunctionScriptingTraits (0ms)
			SetupTypeCache (258ms)
			ReleaseScriptCaches (1ms)
			RebuildScriptCaches (35ms)
			SetupLoadedEditorAssemblies (229ms)
				LogAssemblyErrors (0ms)
				InitializePlatformSupportModulesInManaged (6ms)
				SetLoadedEditorAssemblies (1ms)
				RefreshPlugins (1ms)
				BeforeProcessingInitializeOnLoad (53ms)
				ProcessInitializeOnLoadAttributes (157ms)
				ProcessInitializeOnLoadMethodAttributes (9ms)
				AfterProcessingInitializeOnLoad (4ms)
				EditorAssembliesLoaded (0ms)
			ExecutionOrderSort2 (0ms)
			AwakeInstancesAfterBackupRestoration (7ms)
Platform modules already initialized, skipping
Refreshing native plugins compatible for Editor in 0.47 ms, found 3 plugins.
Preloading 0 native plugins for Editor in 0.00 ms.
Unloading 2187 Unused Serialized files (Serialized files now loaded: 0)
System memory in use before: 99.4 MB.
System memory in use after: 99.5 MB.

Unloading 17 unused Assets to reduce memory usage. Loaded Objects now: 2692.
Total: 2.469600 ms (FindLiveObjects: 0.128400 ms CreateObjectMapping: 0.057000 ms MarkObjects: 2.271200 ms  DeleteObjects: 0.012300 ms)

AssetImportParameters requested are different than current active one (requested -> active):
  custom:framework-win-MediaFoundation: 216162199b28c13a410421893ffa2e32 -> 
  custom:video-decoder-ogg-theora: a1e56fd34408186e4bbccfd4996cb3dc -> 
  custom:container-muxer-webm: aa71ff27fc2769a1b78a27578f13a17b -> 
  custom:container-demuxer-webm: 4f35f7cbe854078d1ac9338744f61a02 -> 
  custom:container-demuxer-ogg: 62fdf1f143b41e24485cea50d1cbac27 -> 
  custom:video-encoder-webm-vp8: eb34c28f22e8b96e1ab97ce403110664 -> 
  custom:video-decoder-webm-vp8: 9c59270c3fd7afecdb556c50c9e8de78 -> 
  custom:audio-decoder-ogg-vorbis: bf7c407c2cedff20999df2af8eb42d56 -> 
  custom:audio-encoder-webm-vorbis: bf7c407c2cedff20999df2af8eb42d56 -> 
========================================================================
Received Prepare
Registering precompiled user dll's ...
Registered in 0.003533 seconds.
Begin MonoManager ReloadAssembly
Native extension for WindowsStandalone target not found
Native extension for OSXStandalone target not found
Native extension for WebGL target not found
Refreshing native plugins compatible for Editor in 0.69 ms, found 3 plugins.
Preloading 0 native plugins for Editor in 0.00 ms.
Mono: successfully reloaded assembly
- Completed reload, in  0.780 seconds
Domain Reload Profiling:
	ReloadAssembly (781ms)
		BeginReloadAssembly (83ms)
			ExecutionOrderSort (0ms)
			DisableScriptedObjects (5ms)
			BackupInstance (0ms)
			ReleaseScriptingObjects (0ms)
			CreateAndSetChildDomain (25ms)
		EndReloadAssembly (649ms)
			LoadAssemblies (68ms)
			RebuildTransferFunctionScriptingTraits (0ms)
			SetupTypeCache (240ms)
			ReleaseScriptCaches (1ms)
			RebuildScriptCaches (34ms)
			SetupLoadedEditorAssemblies (225ms)
				LogAssemblyErrors (0ms)
				InitializePlatformSupportModulesInManaged (5ms)
				SetLoadedEditorAssemblies (0ms)
				RefreshPlugins (1ms)
				BeforeProcessingInitializeOnLoad (47ms)
				ProcessInitializeOnLoadAttributes (160ms)
				ProcessInitializeOnLoadMethodAttributes (8ms)
				AfterProcessingInitializeOnLoad (4ms)
				EditorAssembliesLoaded (0ms)
			ExecutionOrderSort2 (0ms)
			AwakeInstancesAfterBackupRestoration (7ms)
Platform modules already initialized, skipping
Refreshing native plugins compatible for Editor in 0.47 ms, found 3 plugins.
Preloading 0 native plugins for Editor in 0.00 ms.
Unloading 2187 Unused Serialized files (Serialized files now loaded: 0)
System memory in use before: 99.4 MB.
System memory in use after: 99.5 MB.

Unloading 17 unused Assets to reduce memory usage. Loaded Objects now: 2694.
Total: 2.452200 ms (FindLiveObjects: 0.131400 ms CreateObjectMapping: 0.059600 ms MarkObjects: 2.245600 ms  DeleteObjects: 0.014800 ms)

AssetImportParameters requested are different than current active one (requested -> active):
  custom:framework-win-MediaFoundation: 216162199b28c13a410421893ffa2e32 -> 
  custom:video-decoder-ogg-theora: a1e56fd34408186e4bbccfd4996cb3dc -> 
  custom:container-muxer-webm: aa71ff27fc2769a1b78a27578f13a17b -> 
  custom:container-demuxer-webm: 4f35f7cbe854078d1ac9338744f61a02 -> 
  custom:container-demuxer-ogg: 62fdf1f143b41e24485cea50d1cbac27 -> 
  custom:video-encoder-webm-vp8: eb34c28f22e8b96e1ab97ce403110664 -> 
  custom:video-decoder-webm-vp8: 9c59270c3fd7afecdb556c50c9e8de78 -> 
  custom:audio-decoder-ogg-vorbis: bf7c407c2cedff20999df2af8eb42d56 -> 
  custom:audio-encoder-webm-vorbis: bf7c407c2cedff20999df2af8eb42d56 -> 
========================================================================
Received Prepare
Registering precompiled user dll's ...
Registered in 0.004755 seconds.
Begin MonoManager ReloadAssembly
Native extension for WindowsStandalone target not found
Native extension for OSXStandalone target not found
Native extension for WebGL target not found
Refreshing native plugins compatible for Editor in 0.57 ms, found 3 plugins.
Preloading 0 native plugins for Editor in 0.00 ms.
Mono: successfully reloaded assembly
- Completed reload, in  0.959 seconds
Domain Reload Profiling:
	ReloadAssembly (960ms)
		BeginReloadAssembly (106ms)
			ExecutionOrderSort (0ms)
			DisableScriptedObjects (7ms)
			BackupInstance (0ms)
			ReleaseScriptingObjects (0ms)
			CreateAndSetChildDomain (29ms)
		EndReloadAssembly (801ms)
			LoadAssemblies (83ms)
			RebuildTransferFunctionScriptingTraits (0ms)
			SetupTypeCache (256ms)
			ReleaseScriptCaches (1ms)
			RebuildScriptCaches (45ms)
			SetupLoadedEditorAssemblies (302ms)
				LogAssemblyErrors (0ms)
				InitializePlatformSupportModulesInManaged (6ms)
				SetLoadedEditorAssemblies (0ms)
				RefreshPlugins (1ms)
				BeforeProcessingInitializeOnLoad (62ms)
				ProcessInitializeOnLoadAttributes (216ms)
				ProcessInitializeOnLoadMethodAttributes (12ms)
				AfterProcessingInitializeOnLoad (5ms)
				EditorAssembliesLoaded (0ms)
			ExecutionOrderSort2 (0ms)
			AwakeInstancesAfterBackupRestoration (9ms)
Platform modules already initialized, skipping
Refreshing native plugins compatible for Editor in 0.55 ms, found 3 plugins.
Preloading 0 native plugins for Editor in 0.00 ms.
Unloading 2187 Unused Serialized files (Serialized files now loaded: 0)
System memory in use before: 99.4 MB.
System memory in use after: 99.5 MB.

Unloading 17 unused Assets to reduce memory usage. Loaded Objects now: 2696.
Total: 3.080100 ms (FindLiveObjects: 0.152800 ms CreateObjectMapping: 0.067600 ms MarkObjects: 2.824400 ms  DeleteObjects: 0.034400 ms)

AssetImportParameters requested are different than current active one (requested -> active):
  custom:framework-win-MediaFoundation: 216162199b28c13a410421893ffa2e32 -> 
  custom:video-decoder-ogg-theora: a1e56fd34408186e4bbccfd4996cb3dc -> 
  custom:container-muxer-webm: aa71ff27fc2769a1b78a27578f13a17b -> 
  custom:container-demuxer-webm: 4f35f7cbe854078d1ac9338744f61a02 -> 
  custom:container-demuxer-ogg: 62fdf1f143b41e24485cea50d1cbac27 -> 
  custom:video-encoder-webm-vp8: eb34c28f22e8b96e1ab97ce403110664 -> 
  custom:video-decoder-webm-vp8: 9c59270c3fd7afecdb556c50c9e8de78 -> 
  custom:audio-decoder-ogg-vorbis: bf7c407c2cedff20999df2af8eb42d56 -> 
  custom:audio-encoder-webm-vorbis: bf7c407c2cedff20999df2af8eb42d56 -> 
========================================================================
Received Prepare
Registering precompiled user dll's ...
Registered in 0.003510 seconds.
Begin MonoManager ReloadAssembly
Native extension for WindowsStandalone target not found
Native extension for OSXStandalone target not found
Native extension for WebGL target not found
Refreshing native plugins compatible for Editor in 0.47 ms, found 3 plugins.
Preloading 0 native plugins for Editor in 0.00 ms.
Mono: successfully reloaded assembly
- Completed reload, in  0.813 seconds
Domain Reload Profiling:
	ReloadAssembly (813ms)
		BeginReloadAssembly (91ms)
			ExecutionOrderSort (0ms)
			DisableScriptedObjects (6ms)
			BackupInstance (0ms)
			ReleaseScriptingObjects (0ms)
			CreateAndSetChildDomain (27ms)
		EndReloadAssembly (672ms)
			LoadAssemblies (81ms)
			RebuildTransferFunctionScriptingTraits (0ms)
			SetupTypeCache (237ms)
			ReleaseScriptCaches (1ms)
			RebuildScriptCaches (34ms)
			SetupLoadedEditorAssemblies (233ms)
				LogAssemblyErrors (0ms)
				InitializePlatformSupportModulesInManaged (6ms)
				SetLoadedEditorAssemblies (0ms)
				RefreshPlugins (1ms)
				BeforeProcessingInitializeOnLoad (48ms)
				ProcessInitializeOnLoadAttributes (165ms)
				ProcessInitializeOnLoadMethodAttributes (8ms)
				AfterProcessingInitializeOnLoad (4ms)
				EditorAssembliesLoaded (0ms)
			ExecutionOrderSort2 (0ms)
			AwakeInstancesAfterBackupRestoration (7ms)
Platform modules already initialized, skipping
Refreshing native plugins compatible for Editor in 0.48 ms, found 3 plugins.
Preloading 0 native plugins for Editor in 0.00 ms.
Unloading 2187 Unused Serialized files (Serialized files now loaded: 0)
System memory in use before: 99.4 MB.
System memory in use after: 99.5 MB.

Unloading 17 unused Assets to reduce memory usage. Loaded Objects now: 2698.
Total: 2.544300 ms (FindLiveObjects: 0.151300 ms CreateObjectMapping: 0.066300 ms MarkObjects: 2.312200 ms  DeleteObjects: 0.013600 ms)

AssetImportParameters requested are different than current active one (requested -> active):
  custom:framework-win-MediaFoundation: 216162199b28c13a410421893ffa2e32 -> 
  custom:video-decoder-ogg-theora: a1e56fd34408186e4bbccfd4996cb3dc -> 
  custom:container-muxer-webm: aa71ff27fc2769a1b78a27578f13a17b -> 
  custom:container-demuxer-webm: 4f35f7cbe854078d1ac9338744f61a02 -> 
  custom:container-demuxer-ogg: 62fdf1f143b41e24485cea50d1cbac27 -> 
  custom:video-encoder-webm-vp8: eb34c28f22e8b96e1ab97ce403110664 -> 
  custom:video-decoder-webm-vp8: 9c59270c3fd7afecdb556c50c9e8de78 -> 
  custom:audio-decoder-ogg-vorbis: bf7c407c2cedff20999df2af8eb42d56 -> 
  custom:audio-encoder-webm-vorbis: bf7c407c2cedff20999df2af8eb42d56 -> 
========================================================================
Received Prepare
Registering precompiled user dll's ...
Registered in 0.003546 seconds.
Begin MonoManager ReloadAssembly
Native extension for WindowsStandalone target not found
Native extension for OSXStandalone target not found
Native extension for WebGL target not found
Refreshing native plugins compatible for Editor in 0.44 ms, found 3 plugins.
Preloading 0 native plugins for Editor in 0.00 ms.
Mono: successfully reloaded assembly
- Completed reload, in  0.843 seconds
Domain Reload Profiling:
	ReloadAssembly (843ms)
		BeginReloadAssembly (104ms)
			ExecutionOrderSort (0ms)
			DisableScriptedObjects (6ms)
			BackupInstance (0ms)
			ReleaseScriptingObjects (0ms)
			CreateAndSetChildDomain (32ms)
		EndReloadAssembly (678ms)
			LoadAssemblies (81ms)
			RebuildTransferFunctionScriptingTraits (0ms)
			SetupTypeCache (252ms)
			ReleaseScriptCaches (1ms)
			RebuildScriptCaches (41ms)
			SetupLoadedEditorAssemblies (227ms)
				LogAssemblyErrors (0ms)
				InitializePlatformSupportModulesInManaged (5ms)
				SetLoadedEditorAssemblies (0ms)
				RefreshPlugins (0ms)
				BeforeProcessingInitializeOnLoad (47ms)
				ProcessInitializeOnLoadAttributes (162ms)
				ProcessInitializeOnLoadMethodAttributes (8ms)
				AfterProcessingInitializeOnLoad (4ms)
				EditorAssembliesLoaded (0ms)
			ExecutionOrderSort2 (0ms)
			AwakeInstancesAfterBackupRestoration (7ms)
Platform modules already initialized, skipping
Refreshing native plugins compatible for Editor in 0.48 ms, found 3 plugins.
Preloading 0 native plugins for Editor in 0.00 ms.
Unloading 2187 Unused Serialized files (Serialized files now loaded: 0)
System memory in use before: 99.4 MB.
System memory in use after: 99.5 MB.

Unloading 17 unused Assets to reduce memory usage. Loaded Objects now: 2700.
Total: 2.383400 ms (FindLiveObjects: 0.128800 ms CreateObjectMapping: 0.055700 ms MarkObjects: 2.185700 ms  DeleteObjects: 0.012600 ms)

AssetImportParameters requested are different than current active one (requested -> active):
  custom:framework-win-MediaFoundation: 216162199b28c13a410421893ffa2e32 -> 
  custom:video-decoder-ogg-theora: a1e56fd34408186e4bbccfd4996cb3dc -> 
  custom:container-muxer-webm: aa71ff27fc2769a1b78a27578f13a17b -> 
  custom:container-demuxer-webm: 4f35f7cbe854078d1ac9338744f61a02 -> 
  custom:container-demuxer-ogg: 62fdf1f143b41e24485cea50d1cbac27 -> 
  custom:video-encoder-webm-vp8: eb34c28f22e8b96e1ab97ce403110664 -> 
  custom:video-decoder-webm-vp8: 9c59270c3fd7afecdb556c50c9e8de78 -> 
  custom:audio-decoder-ogg-vorbis: bf7c407c2cedff20999df2af8eb42d56 -> 
  custom:audio-encoder-webm-vorbis: bf7c407c2cedff20999df2af8eb42d56 -> 
AssetImportWorkerClient::OnTransportError - code=2 error=End of file
